Log file open, 02/20/20 23:47:11
LogWindows: Failed to load 'aqProf.dll' (GetLastError=126)
LogWindows: File 'aqProf.dll' does not exist
LogWindows: Failed to load 'VtuneApi.dll' (GetLastError=126)
LogWindows: File 'VtuneApi.dll' does not exist
LogWindows: Failed to load 'VtuneApi32e.dll' (GetLastError=126)
LogWindows: File 'VtuneApi32e.dll' does not exist
LogConsoleResponse: Display: Failed to find resolution value strings in scalability ini. Falling back to default.
LogInit: Display: Running engine for game: Design3D
LogPakFile: Registered encryption key '00000000000000000000000000000000': 0 pak files mounted, 0 remain pending
LogPlatformFile: Not using cached read wrapper
LogTaskGraph: Started task graph with 5 named threads and 23 total threads with 3 sets of task threads.
LogStats: Stats thread started at 0.643824
LogD3D11RHI: Loaded GFSDK_Aftermath_Lib.x64.dll
LogICUInternationalization: ICU TimeZone Detection - Raw Offset: +8:00, Platform Override: ''
LogPluginManager: Mounting plugin Paper2D
LogPluginManager: Mounting plugin AISupport
LogPluginManager: Mounting plugin LightPropagationVolume
LogPluginManager: Mounting plugin ActorLayerUtilities
LogPluginManager: Mounting plugin AnimationSharing
LogPluginManager: Mounting plugin CLionSourceCodeAccess
LogPluginManager: Mounting plugin CodeLiteSourceCodeAccess
LogPluginManager: Mounting plugin GitSourceControl
LogPluginManager: Mounting plugin KDevelopSourceCodeAccess
LogPluginManager: Mounting plugin NullSourceCodeAccess
LogPluginManager: Mounting plugin PerforceSourceControl
LogPluginManager: Mounting plugin SubversionSourceControl
LogPluginManager: Mounting plugin UObjectPlugin
LogPluginManager: Mounting plugin VisualStudioCodeSourceCodeAccess
LogPluginManager: Mounting plugin VisualStudioSourceCodeAccess
LogPluginManager: Mounting plugin XCodeSourceCodeAccess
LogPluginManager: Mounting plugin AssetManagerEditor
LogPluginManager: Mounting plugin CryptoKeys
LogPluginManager: Mounting plugin DataValidation
LogPluginManager: Mounting plugin FacialAnimation
LogPluginManager: Mounting plugin GameplayTagsEditor
LogPluginManager: Mounting plugin MacGraphicsSwitching
LogPluginManager: Mounting plugin MaterialAnalyzer
LogPluginManager: Mounting plugin MobileLauncherProfileWizard
LogPluginManager: Mounting plugin PluginBrowser
LogPluginManager: Mounting plugin SpeedTreeImporter
LogPluginManager: Mounting plugin DatasmithContent
LogPluginManager: Mounting plugin VariantManagerContent
LogPluginManager: Mounting plugin AlembicImporter
LogPluginManager: Mounting plugin AppleImageUtils
LogPluginManager: Mounting plugin AppleVision
LogPluginManager: Mounting plugin BackChannel
LogPluginManager: Mounting plugin CharacterAI
LogPluginManager: Mounting plugin GeometryCache
LogPluginManager: Mounting plugin HTML5Networking
LogPluginManager: Mounting plugin ProxyLODPlugin
LogPluginManager: Mounting plugin SkeletalReduction
LogPluginManager: Mounting plugin MagicLeap
LogPluginManager: Mounting plugin MagicLeapMedia
LogPluginManager: Mounting plugin AndroidMedia
LogPluginManager: Mounting plugin AvfMedia
LogPluginManager: Mounting plugin ImgMedia
LogPluginManager: Mounting plugin LinearTimecode
LogPluginManager: Mounting plugin MediaCompositing
LogPluginManager: Mounting plugin MediaPlayerEditor
LogPluginManager: Mounting plugin WebMMedia
LogPluginManager: Mounting plugin WmfMedia
LogPluginManager: Mounting plugin TcpMessaging
LogPluginManager: Mounting plugin UdpMessaging
LogPluginManager: Mounting plugin ActorSequence
LogPluginManager: Mounting plugin LevelSequenceEditor
LogPluginManager: Mounting plugin MatineeToLevelSequence
LogPluginManager: Mounting plugin NetcodeUnitTest
LogPluginManager: Mounting plugin NUTUnrealEngine4
LogPluginManager: Mounting plugin OnlineSubsystemGooglePlay
LogPluginManager: Mounting plugin OnlineSubsystemIOS
LogPluginManager: Mounting plugin OnlineSubsystem
LogPluginManager: Mounting plugin OnlineSubsystemNull
LogPluginManager: Mounting plugin OnlineSubsystemUtils
LogPluginManager: Mounting plugin LauncherChunkInstaller
LogPluginManager: Mounting plugin AndroidDeviceProfileSelector
LogPluginManager: Mounting plugin AndroidMoviePlayer
LogPluginManager: Mounting plugin AndroidPermission
LogPluginManager: Mounting plugin ApexDestruction
LogPluginManager: Mounting plugin AppleMoviePlayer
LogPluginManager: Mounting plugin ArchVisCharacter
LogPluginManager: Mounting plugin AudioCapture
LogPluginManager: Mounting plugin CableComponent
LogPluginManager: Mounting plugin CustomMeshComponent
LogPluginManager: Mounting plugin EditableMesh
LogPluginManager: Mounting plugin ExampleDeviceProfileSelector
LogPluginManager: Mounting plugin Firebase
LogPluginManager: Mounting plugin GoogleCloudMessaging
LogPluginManager: Mounting plugin IOSDeviceProfileSelector
LogPluginManager: Mounting plugin LinuxDeviceProfileSelector
LogPluginManager: Mounting plugin LocationServicesBPLibrary
LogPluginManager: Mounting plugin MobilePatchingUtils
LogPluginManager: Mounting plugin OculusVR
LogPluginManager: Mounting plugin PhysXVehicles
LogPluginManager: Mounting plugin ProceduralMeshComponent
LogPluginManager: Mounting plugin RuntimePhysXCooking
LogPluginManager: Mounting plugin SignificanceManager
LogPluginManager: Mounting plugin SteamVR
LogPluginManager: Mounting plugin WebMMoviePlayer
LogPluginManager: Mounting plugin WindowsMoviePlayer
LogPluginManager: Mounting plugin MyPlugin
LogPluginManager: Mounting plugin RuntimeMeshComponent
LogInit: Using libcurl 7.55.1-DEV
LogInit:  - built for x86_64-pc-win32
LogInit:  - supports SSL with OpenSSL/1.1.1
LogInit:  - supports HTTP deflate (compression) using libz 1.2.8
LogInit:  - other features:
LogInit:      CURL_VERSION_SSL
LogInit:      CURL_VERSION_LIBZ
LogInit:      CURL_VERSION_IPV6
LogInit:      CURL_VERSION_ASYNCHDNS
LogInit:      CURL_VERSION_LARGEFILE
LogInit:      CURL_VERSION_IDN
LogInit:  CurlRequestOptions (configurable via config and command line):
LogInit:  - bVerifyPeer = true  - Libcurl will verify peer certificate
LogInit:  - bUseHttpProxy = false  - Libcurl will NOT use HTTP proxy
LogInit:  - bDontReuseConnections = false  - Libcurl will reuse connections
LogInit:  - MaxHostConnections = 16  - Libcurl will limit the number of connections to a host
LogInit:  - LocalHostAddr = Default
LogInit:  - BufferSize = 65536
LogInit: WinSock: version 1.1 (2.2), MaxSocks=32767, MaxUdp=65467
LogInit: Build: ++UE4+Release-4.22-CL-0
LogInit: Engine Version: 4.22.2-0+++UE4+Release-4.22
LogInit: Compatible Engine Version: 4.22.0-0+++UE4+Release-4.22
LogInit: Net CL: 0
LogInit: OS: Windows 10 (Release 1903) (), CPU: Intel(R) Core(TM) i7-7700 CPU @ 3.60GHz, GPU: NVIDIA GeForce GTX 1050 Ti
LogInit: Compiled (64-bit): Oct 24 2019 20:52:35
LogInit: Compiled with Visual C++: 19.16.27034.00
LogInit: Build Configuration: Debug
LogInit: Branch Name: ++UE4+Release-4.22
LogInit: Command Line:  -skipcompile
LogInit: Base Directory: D:/Github/UnrealEngine4/Engine/Binaries/Win64/
LogInit: Installed Engine Build: 0
LogDevObjectVersion: Number of dev versions registered: 23
LogDevObjectVersion:   Dev-Blueprints (B0D832E4-1F89-4F0D-ACCF-7EB736FD4AA2): 10
LogDevObjectVersion:   Dev-Build (E1C64328-A22C-4D53-A36C-8E866417BD8C): 0
LogDevObjectVersion:   Dev-Core (375EC13C-06E4-48FB-B500-84F0262A717E): 3
LogDevObjectVersion:   Dev-Editor (E4B068ED-F494-42E9-A231-DA0B2E46BB41): 30
LogDevObjectVersion:   Dev-Framework (CFFC743F-43B0-4480-9391-14DF171D2073): 35
LogDevObjectVersion:   Dev-Mobile (B02B49B5-BB20-44E9-A304-32B752E40360): 2
LogDevObjectVersion:   Dev-Networking (A4E4105C-59A1-49B5-A7C5-40C4547EDFEE): 0
LogDevObjectVersion:   Dev-Online (39C831C9-5AE6-47DC-9A44-9C173E1C8E7C): 0
LogDevObjectVersion:   Dev-Physics (78F01B33-EBEA-4F98-B9B4-84EACCB95AA2): 0
LogDevObjectVersion:   Dev-Platform (6631380F-2D4D-43E0-8009-CF276956A95A): 0
LogDevObjectVersion:   Dev-Rendering (12F88B9F-8875-4AFC-A67C-D90C383ABD29): 28
LogDevObjectVersion:   Dev-Sequencer (7B5AE74C-D270-4C10-A958-57980B212A5A): 11
LogDevObjectVersion:   Dev-VR (D7296918-1DD6-4BDD-9DE2-64A83CC13884): 2
LogDevObjectVersion:   Dev-LoadTimes (C2A15278-BFE7-4AFE-6C17-90FF531DF755): 1
LogDevObjectVersion:   Private-Geometry (6EACA3D4-40EC-4CC1-B786-8BED09428FC5): 3
LogDevObjectVersion:   Dev-AnimPhys (29E575DD-E0A3-4627-9D10-D276232CDCEA): 17
LogDevObjectVersion:   Dev-Anim (AF43A65D-7FD3-4947-9873-3E8ED9C1BB05): 2
LogDevObjectVersion:   Dev-ReflectionCapture (6B266CEC-1EC7-4B8F-A30B-E4D90942FC07): 1
LogDevObjectVersion:   Dev-Automation (0DF73D61-A23F-47EA-B727-89E90C41499A): 1
LogDevObjectVersion:   FortniteMain (601D1886-AC64-4F84-AA16-D3DE0DEAC7D6): 25
LogDevObjectVersion:   Dev-Enterprise (9DFFBCD6-494F-0158-E221-12823C92A888): 6
LogDevObjectVersion:   Dev-Niagara (F2AED0AC-9AFE-416F-8664-AA7FFA26D6FC): 1
LogDevObjectVersion:   Dev-Destruction (174F1F0B-B4C6-45A5-B13F-2EE8D0FB917D): 2
LogInit: Presizing for max 16777216 objects, including 0 objects not considered by GC, pre-allocating 0 bytes for permanent pool.
LogInit: Object subsystem initialized
LogConfig: Setting CVar [[con.DebugEarlyDefault:1]]
LogConfig: Setting CVar [[r.setres:1280x720]]
[2020.02.20-15.47.13:053][  0]LogConfig: Setting CVar [[r.VSync:0]]
[2020.02.20-15.47.13:053][  0]LogConfig: Setting CVar [[r.RHICmdBypass:0]]
[2020.02.20-15.47.13:053][  0]LogConfig: Applying CVar settings from Section [/Script/Engine.RendererSettings] File [D:/Github/master_szu/ue4_project/Design3D/Saved/Config/Windows/Engine.ini]
[2020.02.20-15.47.13:053][  0]LogConfig: Setting CVar [[r.GPUCrashDebugging:0]]
[2020.02.20-15.47.13:053][  0]LogConfig: Setting CVar [[r.DefaultFeature.AutoExposure.ExtendDefaultLuminanceRange:1]]
[2020.02.20-15.47.13:053][  0]LogConfig: Setting CVar [[r.AllowStaticLighting:0]]
[2020.02.20-15.47.13:053][  0]LogConfig: Applying CVar settings from Section [/Script/Engine.RendererOverrideSettings] File [D:/Github/master_szu/ue4_project/Design3D/Saved/Config/Windows/Engine.ini]
[2020.02.20-15.47.13:053][  0]LogConfig: Applying CVar settings from Section [/Script/Engine.StreamingSettings] File [D:/Github/master_szu/ue4_project/Design3D/Saved/Config/Windows/Engine.ini]
[2020.02.20-15.47.13:053][  0]LogConfig: Setting CVar [[s.MinBulkDataSizeForAsyncLoading:131072]]
[2020.02.20-15.47.13:053][  0]LogConfig: Setting CVar [[s.AsyncLoadingThreadEnabled:0]]
[2020.02.20-15.47.13:053][  0]LogConfig: Setting CVar [[s.EventDrivenLoaderEnabled:1]]
[2020.02.20-15.47.13:053][  0]LogConfig: Setting CVar [[s.WarnIfTimeLimitExceeded:0]]
[2020.02.20-15.47.13:053][  0]LogConfig: Setting CVar [[s.TimeLimitExceededMultiplier:1.5]]
[2020.02.20-15.47.13:053][  0]LogConfig: Setting CVar [[s.TimeLimitExceededMinTime:0.005]]
[2020.02.20-15.47.13:053][  0]LogConfig: Setting CVar [[s.UseBackgroundLevelStreaming:1]]
[2020.02.20-15.47.13:053][  0]LogConfig: Setting CVar [[s.PriorityAsyncLoadingExtraTime:15.0]]
[2020.02.20-15.47.13:053][  0]LogConfig: Setting CVar [[s.LevelStreamingActorsUpdateTimeLimit:5.0]]
[2020.02.20-15.47.13:053][  0]LogConfig: Setting CVar [[s.PriorityLevelStreamingActorsUpdateExtraTime:5.0]]
[2020.02.20-15.47.13:053][  0]LogConfig: Setting CVar [[s.LevelStreamingComponentsRegistrationGranularity:10]]
[2020.02.20-15.47.13:053][  0]LogConfig: Setting CVar [[s.UnregisterComponentsTimeLimit:1.0]]
[2020.02.20-15.47.13:053][  0]LogConfig: Setting CVar [[s.LevelStreamingComponentsUnregistrationGranularity:5]]
[2020.02.20-15.47.13:053][  0]LogConfig: Applying CVar settings from Section [/Script/Engine.GarbageCollectionSettings] File [D:/Github/master_szu/ue4_project/Design3D/Saved/Config/Windows/Engine.ini]
[2020.02.20-15.47.13:053][  0]LogConfig: Setting CVar [[gc.MaxObjectsNotConsideredByGC:1]]
[2020.02.20-15.47.13:053][  0]LogConfig: Setting CVar [[gc.SizeOfPermanentObjectPool:0]]
[2020.02.20-15.47.13:053][  0]LogConfig: Setting CVar [[gc.FlushStreamingOnGC:0]]
[2020.02.20-15.47.13:053][  0]LogConfig: Setting CVar [[gc.NumRetriesBeforeForcingGC:10]]
[2020.02.20-15.47.13:053][  0]LogConfig: Setting CVar [[gc.AllowParallelGC:1]]
[2020.02.20-15.47.13:053][  0]LogConfig: Setting CVar [[gc.TimeBetweenPurgingPendingKillObjects:61.1]]
[2020.02.20-15.47.13:053][  0]LogConfig: Setting CVar [[gc.MaxObjectsInEditor:16777216]]
[2020.02.20-15.47.13:053][  0]LogConfig: Setting CVar [[gc.IncrementalBeginDestroyEnabled:1]]
[2020.02.20-15.47.13:053][  0]LogConfig: Setting CVar [[gc.CreateGCClusters:1]]
[2020.02.20-15.47.13:053][  0]LogConfig: Setting CVar [[gc.MinGCClusterSize:5]]
[2020.02.20-15.47.13:053][  0]LogConfig: Setting CVar [[gc.ActorClusteringEnabled:0]]
[2020.02.20-15.47.13:053][  0]LogConfig: Setting CVar [[gc.BlueprintClusteringEnabled:0]]
[2020.02.20-15.47.13:053][  0]LogConfig: Setting CVar [[gc.UseDisregardForGCOnDedicatedServers:0]]
[2020.02.20-15.47.13:053][  0]LogConfig: Applying CVar settings from Section [/Script/Engine.NetworkSettings] File [D:/Github/master_szu/ue4_project/Design3D/Saved/Config/Windows/Engine.ini]
[2020.02.20-15.47.13:053][  0]LogConfig: Applying CVar settings from Section [/Script/UnrealEd.CookerSettings] File [D:/Github/master_szu/ue4_project/Design3D/Saved/Config/Windows/Engine.ini]
[2020.02.20-15.47.13:061][  0]LogConfig: Applying CVar settings from Section [ViewDistanceQuality@3] File [D:/Github/master_szu/ue4_project/Design3D/Saved/Config/Windows/Scalability.ini]
[2020.02.20-15.47.13:061][  0]LogConfig: Setting CVar [[r.SkeletalMeshLODBias:0]]
[2020.02.20-15.47.13:061][  0]LogConfig: Setting CVar [[r.ViewDistanceScale:1.0]]
[2020.02.20-15.47.13:061][  0]LogConfig: Applying CVar settings from Section [AntiAliasingQuality@3] File [D:/Github/master_szu/ue4_project/Design3D/Saved/Config/Windows/Scalability.ini]
[2020.02.20-15.47.13:061][  0]LogConfig: Setting CVar [[r.PostProcessAAQuality:4]]
[2020.02.20-15.47.13:061][  0]LogConfig: Applying CVar settings from Section [ShadowQuality@3] File [D:/Github/master_szu/ue4_project/Design3D/Saved/Config/Windows/Scalability.ini]
[2020.02.20-15.47.13:061][  0]LogConfig: Setting CVar [[r.LightFunctionQuality:1]]
[2020.02.20-15.47.13:061][  0]LogConfig: Setting CVar [[r.ShadowQuality:5]]
[2020.02.20-15.47.13:061][  0]LogConfig: Setting CVar [[r.Shadow.CSM.MaxCascades:10]]
[2020.02.20-15.47.13:061][  0]LogConfig: Setting CVar [[r.Shadow.MaxResolution:2048]]
[2020.02.20-15.47.13:061][  0]LogConfig: Setting CVar [[r.Shadow.MaxCSMResolution:2048]]
[2020.02.20-15.47.13:061][  0]LogConfig: Setting CVar [[r.Shadow.RadiusThreshold:0.01]]
[2020.02.20-15.47.13:061][  0]LogConfig: Setting CVar [[r.Shadow.DistanceScale:1.0]]
[2020.02.20-15.47.13:061][  0]LogConfig: Setting CVar [[r.Shadow.CSM.TransitionScale:1.0]]
[2020.02.20-15.47.13:063][  0]LogConfig: Setting CVar [[r.Shadow.PreShadowResolutionFactor:1.0]]
[2020.02.20-15.47.13:063][  0]LogConfig: Setting CVar [[r.DistanceFieldShadowing:1]]
[2020.02.20-15.47.13:063][  0]LogConfig: Setting CVar [[r.DistanceFieldAO:1]]
[2020.02.20-15.47.13:063][  0]LogConfig: Setting CVar [[r.AOQuality:2]]
[2020.02.20-15.47.13:063][  0]LogConfig: Setting CVar [[r.VolumetricFog:1]]
[2020.02.20-15.47.13:063][  0]LogConfig: Setting CVar [[r.VolumetricFog.GridPixelSize:8]]
[2020.02.20-15.47.13:063][  0]LogConfig: Setting CVar [[r.VolumetricFog.GridSizeZ:128]]
[2020.02.20-15.47.13:063][  0]LogConfig: Setting CVar [[r.VolumetricFog.HistoryMissSupersampleCount:4]]
[2020.02.20-15.47.13:063][  0]LogConfig: Setting CVar [[r.LightMaxDrawDistanceScale:1]]
[2020.02.20-15.47.13:063][  0]LogConfig: Setting CVar [[r.CapsuleShadows:1]]
[2020.02.20-15.47.13:063][  0]LogConfig: Applying CVar settings from Section [PostProcessQuality@3] File [D:/Github/master_szu/ue4_project/Design3D/Saved/Config/Windows/Scalability.ini]
[2020.02.20-15.47.13:063][  0]LogConfig: Setting CVar [[r.MotionBlurQuality:4]]
[2020.02.20-15.47.13:063][  0]LogConfig: Setting CVar [[r.AmbientOcclusionMipLevelFactor:0.4]]
[2020.02.20-15.47.13:063][  0]LogConfig: Setting CVar [[r.AmbientOcclusionMaxQuality:100]]
[2020.02.20-15.47.13:063][  0]LogConfig: Setting CVar [[r.AmbientOcclusionLevels:-1]]
[2020.02.20-15.47.13:063][  0]LogConfig: Setting CVar [[r.AmbientOcclusionRadiusScale:1.0]]
[2020.02.20-15.47.13:063][  0]LogConfig: Setting CVar [[r.DepthOfFieldQuality:2]]
[2020.02.20-15.47.13:063][  0]LogConfig: Setting CVar [[r.RenderTargetPoolMin:400]]
[2020.02.20-15.47.13:063][  0]LogConfig: Setting CVar [[r.LensFlareQuality:2]]
[2020.02.20-15.47.13:063][  0]LogConfig: Setting CVar [[r.SceneColorFringeQuality:1]]
[2020.02.20-15.47.13:063][  0]LogConfig: Setting CVar [[r.EyeAdaptationQuality:2]]
[2020.02.20-15.47.13:063][  0]LogConfig: Setting CVar [[r.BloomQuality:5]]
[2020.02.20-15.47.13:063][  0]LogConfig: Setting CVar [[r.FastBlurThreshold:100]]
[2020.02.20-15.47.13:063][  0]LogConfig: Setting CVar [[r.Upscale.Quality:3]]
[2020.02.20-15.47.13:063][  0]LogConfig: Setting CVar [[r.Tonemapper.GrainQuantization:1]]
[2020.02.20-15.47.13:063][  0]LogConfig: Setting CVar [[r.LightShaftQuality:1]]
[2020.02.20-15.47.13:063][  0]LogConfig: Setting CVar [[r.Filter.SizeScale:1]]
[2020.02.20-15.47.13:063][  0]LogConfig: Setting CVar [[r.Tonemapper.Quality:5]]
[2020.02.20-15.47.13:063][  0]LogConfig: Setting CVar [[r.DOF.Gather.AccumulatorQuality:1        ; higher gathering accumulator quality]]
[2020.02.20-15.47.13:063][  0]LogConfig: Setting CVar [[r.DOF.Gather.PostfilterMethod:1          ; Median3x3 postfilering method]]
[2020.02.20-15.47.13:063][  0]LogConfig: Setting CVar [[r.DOF.Gather.EnableBokehSettings:0       ; no bokeh simulation when gathering]]
[2020.02.20-15.47.13:063][  0]LogConfig: Setting CVar [[r.DOF.Gather.RingCount:4                 ; medium number of samples when gathering]]
[2020.02.20-15.47.13:063][  0]LogConfig: Setting CVar [[r.DOF.Scatter.ForegroundCompositing:1    ; additive foreground scattering]]
[2020.02.20-15.47.13:063][  0]LogConfig: Setting CVar [[r.DOF.Scatter.BackgroundCompositing:2    ; additive background scattering]]
[2020.02.20-15.47.13:063][  0]LogConfig: Setting CVar [[r.DOF.Scatter.EnableBokehSettings:1      ; bokeh simulation when scattering]]
[2020.02.20-15.47.13:063][  0]LogConfig: Setting CVar [[r.DOF.Scatter.MaxSpriteRatio:0.1         ; only a maximum of 10% of scattered bokeh]]
[2020.02.20-15.47.13:063][  0]LogConfig: Setting CVar [[r.DOF.Recombine.Quality:1                ; cheap slight out of focus]]
[2020.02.20-15.47.13:063][  0]LogConfig: Setting CVar [[r.DOF.Recombine.EnableBokehSettings:0    ; no bokeh simulation on slight out of focus]]
[2020.02.20-15.47.13:063][  0]LogConfig: Setting CVar [[r.DOF.TemporalAAQuality:1                ; more stable temporal accumulation]]
[2020.02.20-15.47.13:063][  0]LogConfig: Setting CVar [[r.DOF.Kernel.MaxForegroundRadius:0.025]]
[2020.02.20-15.47.13:063][  0]LogConfig: Setting CVar [[r.DOF.Kernel.MaxBackgroundRadius:0.025]]
[2020.02.20-15.47.13:063][  0]LogConfig: Applying CVar settings from Section [TextureQuality@3] File [D:/Github/master_szu/ue4_project/Design3D/Saved/Config/Windows/Scalability.ini]
[2020.02.20-15.47.13:063][  0]LogConfig: Setting CVar [[r.Streaming.MipBias:0]]
[2020.02.20-15.47.13:063][  0]LogConfig: Setting CVar [[r.Streaming.AmortizeCPUToGPUCopy:0]]
[2020.02.20-15.47.13:063][  0]LogConfig: Setting CVar [[r.Streaming.MaxNumTexturesToStreamPerFrame:0]]
[2020.02.20-15.47.13:063][  0]LogConfig: Setting CVar [[r.Streaming.Boost:1]]
[2020.02.20-15.47.13:063][  0]LogConfig: Setting CVar [[r.MaxAnisotropy:8]]
[2020.02.20-15.47.13:063][  0]LogConfig: Setting CVar [[r.Streaming.LimitPoolSizeToVRAM:0]]
[2020.02.20-15.47.13:063][  0]LogConfig: Setting CVar [[r.Streaming.PoolSize:1000]]
[2020.02.20-15.47.13:063][  0]LogConfig: Setting CVar [[r.Streaming.MaxEffectiveScreenSize:0]]
[2020.02.20-15.47.13:063][  0]LogConfig: Applying CVar settings from Section [EffectsQuality@3] File [D:/Github/master_szu/ue4_project/Design3D/Saved/Config/Windows/Scalability.ini]
[2020.02.20-15.47.13:063][  0]LogConfig: Setting CVar [[r.TranslucencyLightingVolumeDim:64]]
[2020.02.20-15.47.13:063][  0]LogConfig: Setting CVar [[r.RefractionQuality:2]]
[2020.02.20-15.47.13:063][  0]LogConfig: Setting CVar [[r.SSR.Quality:3]]
[2020.02.20-15.47.13:063][  0]LogConfig: Setting CVar [[r.SceneColorFormat:4]]
[2020.02.20-15.47.13:063][  0]LogConfig: Setting CVar [[r.DetailMode:2]]
[2020.02.20-15.47.13:063][  0]LogConfig: Setting CVar [[r.TranslucencyVolumeBlur:1]]
[2020.02.20-15.47.13:063][  0]LogConfig: Setting CVar [[r.MaterialQualityLevel:1 ; High quality]]
[2020.02.20-15.47.13:063][  0]LogConfig: Setting CVar [[r.SSS.Scale:1]]
[2020.02.20-15.47.13:063][  0]LogConfig: Setting CVar [[r.SSS.SampleSet:2]]
[2020.02.20-15.47.13:063][  0]LogConfig: Setting CVar [[r.SSS.Quality:1]]
[2020.02.20-15.47.13:063][  0]LogConfig: Setting CVar [[r.SSS.HalfRes:1]]
[2020.02.20-15.47.13:063][  0]LogConfig: Setting CVar [[r.EmitterSpawnRateScale:1.0]]
[2020.02.20-15.47.13:063][  0]LogConfig: Setting CVar [[r.ParticleLightQuality:2]]
[2020.02.20-15.47.13:063][  0]LogConfig: Applying CVar settings from Section [FoliageQuality@3] File [D:/Github/master_szu/ue4_project/Design3D/Saved/Config/Windows/Scalability.ini]
[2020.02.20-15.47.13:063][  0]LogConfig: Setting CVar [[foliage.DensityScale:1.0]]
[2020.02.20-15.47.13:063][  0]LogConfig: Setting CVar [[grass.DensityScale:1.0]]
[2020.02.20-15.47.13:063][  0]LogInit: Selected Device Profile: [Windows]
[2020.02.20-15.47.13:063][  0]LogInit: Applying CVar settings loaded from the selected device profile: [Windows]
[2020.02.20-15.47.13:092][  0]LogHAL: Display: Platform has ~ 16 GB [17036992512 / 17179869184 / 16], which maps to Larger [LargestMinGB=32, LargerMinGB=12, DefaultMinGB=8, SmallerMinGB=6, SmallestMinGB=0)
[2020.02.20-15.47.13:092][  0]LogConfig: Setting CVar [[r.Vulkan.UseRealUBs:0		; Required until we fix HLR fall-out]]
[2020.02.20-15.47.13:092][  0]LogInit: Going up to parent DeviceProfile []
[2020.02.20-15.47.13:092][  0]LogConfig: Applying CVar settings from Section [ViewDistanceQuality@3] File [D:/Github/master_szu/ue4_project/Design3D/Saved/Config/Windows/Scalability.ini]
[2020.02.20-15.47.13:092][  0]LogConfig: Setting CVar [[r.SkeletalMeshLODBias:0]]
[2020.02.20-15.47.13:092][  0]LogConfig: Setting CVar [[r.ViewDistanceScale:1.0]]
[2020.02.20-15.47.13:092][  0]LogConfig: Applying CVar settings from Section [AntiAliasingQuality@3] File [D:/Github/master_szu/ue4_project/Design3D/Saved/Config/Windows/Scalability.ini]
[2020.02.20-15.47.13:092][  0]LogConfig: Setting CVar [[r.PostProcessAAQuality:4]]
[2020.02.20-15.47.13:092][  0]LogConfig: Applying CVar settings from Section [ShadowQuality@3] File [D:/Github/master_szu/ue4_project/Design3D/Saved/Config/Windows/Scalability.ini]
[2020.02.20-15.47.13:092][  0]LogConfig: Setting CVar [[r.LightFunctionQuality:1]]
[2020.02.20-15.47.13:092][  0]LogConfig: Setting CVar [[r.ShadowQuality:5]]
[2020.02.20-15.47.13:094][  0]LogConfig: Setting CVar [[r.Shadow.CSM.MaxCascades:10]]
[2020.02.20-15.47.13:094][  0]LogConfig: Setting CVar [[r.Shadow.MaxResolution:2048]]
[2020.02.20-15.47.13:094][  0]LogConfig: Setting CVar [[r.Shadow.MaxCSMResolution:2048]]
[2020.02.20-15.47.13:094][  0]LogConfig: Setting CVar [[r.Shadow.RadiusThreshold:0.01]]
[2020.02.20-15.47.13:094][  0]LogConfig: Setting CVar [[r.Shadow.DistanceScale:1.0]]
[2020.02.20-15.47.13:094][  0]LogConfig: Setting CVar [[r.Shadow.CSM.TransitionScale:1.0]]
[2020.02.20-15.47.13:094][  0]LogConfig: Setting CVar [[r.Shadow.PreShadowResolutionFactor:1.0]]
[2020.02.20-15.47.13:094][  0]LogConfig: Setting CVar [[r.DistanceFieldShadowing:1]]
[2020.02.20-15.47.13:094][  0]LogConfig: Setting CVar [[r.DistanceFieldAO:1]]
[2020.02.20-15.47.13:094][  0]LogConfig: Setting CVar [[r.AOQuality:2]]
[2020.02.20-15.47.13:094][  0]LogConfig: Setting CVar [[r.VolumetricFog:1]]
[2020.02.20-15.47.13:094][  0]LogConfig: Setting CVar [[r.VolumetricFog.GridPixelSize:8]]
[2020.02.20-15.47.13:094][  0]LogConfig: Setting CVar [[r.VolumetricFog.GridSizeZ:128]]
[2020.02.20-15.47.13:094][  0]LogConfig: Setting CVar [[r.VolumetricFog.HistoryMissSupersampleCount:4]]
[2020.02.20-15.47.13:094][  0]LogConfig: Setting CVar [[r.LightMaxDrawDistanceScale:1]]
[2020.02.20-15.47.13:094][  0]LogConfig: Setting CVar [[r.CapsuleShadows:1]]
[2020.02.20-15.47.13:094][  0]LogConfig: Applying CVar settings from Section [PostProcessQuality@3] File [D:/Github/master_szu/ue4_project/Design3D/Saved/Config/Windows/Scalability.ini]
[2020.02.20-15.47.13:094][  0]LogConfig: Setting CVar [[r.MotionBlurQuality:4]]
[2020.02.20-15.47.13:094][  0]LogConfig: Setting CVar [[r.AmbientOcclusionMipLevelFactor:0.4]]
[2020.02.20-15.47.13:094][  0]LogConfig: Setting CVar [[r.AmbientOcclusionMaxQuality:100]]
[2020.02.20-15.47.13:094][  0]LogConfig: Setting CVar [[r.AmbientOcclusionLevels:-1]]
[2020.02.20-15.47.13:094][  0]LogConfig: Setting CVar [[r.AmbientOcclusionRadiusScale:1.0]]
[2020.02.20-15.47.13:094][  0]LogConfig: Setting CVar [[r.DepthOfFieldQuality:2]]
[2020.02.20-15.47.13:094][  0]LogConfig: Setting CVar [[r.RenderTargetPoolMin:400]]
[2020.02.20-15.47.13:094][  0]LogConfig: Setting CVar [[r.LensFlareQuality:2]]
[2020.02.20-15.47.13:094][  0]LogConfig: Setting CVar [[r.SceneColorFringeQuality:1]]
[2020.02.20-15.47.13:094][  0]LogConfig: Setting CVar [[r.EyeAdaptationQuality:2]]
[2020.02.20-15.47.13:094][  0]LogConfig: Setting CVar [[r.BloomQuality:5]]
[2020.02.20-15.47.13:094][  0]LogConfig: Setting CVar [[r.FastBlurThreshold:100]]
[2020.02.20-15.47.13:094][  0]LogConfig: Setting CVar [[r.Upscale.Quality:3]]
[2020.02.20-15.47.13:094][  0]LogConfig: Setting CVar [[r.Tonemapper.GrainQuantization:1]]
[2020.02.20-15.47.13:094][  0]LogConfig: Setting CVar [[r.LightShaftQuality:1]]
[2020.02.20-15.47.13:094][  0]LogConfig: Setting CVar [[r.Filter.SizeScale:1]]
[2020.02.20-15.47.13:094][  0]LogConfig: Setting CVar [[r.Tonemapper.Quality:5]]
[2020.02.20-15.47.13:094][  0]LogConfig: Setting CVar [[r.DOF.Gather.AccumulatorQuality:1        ; higher gathering accumulator quality]]
[2020.02.20-15.47.13:094][  0]LogConfig: Setting CVar [[r.DOF.Gather.PostfilterMethod:1          ; Median3x3 postfilering method]]
[2020.02.20-15.47.13:094][  0]LogConfig: Setting CVar [[r.DOF.Gather.EnableBokehSettings:0       ; no bokeh simulation when gathering]]
[2020.02.20-15.47.13:094][  0]LogConfig: Setting CVar [[r.DOF.Gather.RingCount:4                 ; medium number of samples when gathering]]
[2020.02.20-15.47.13:094][  0]LogConfig: Setting CVar [[r.DOF.Scatter.ForegroundCompositing:1    ; additive foreground scattering]]
[2020.02.20-15.47.13:094][  0]LogConfig: Setting CVar [[r.DOF.Scatter.BackgroundCompositing:2    ; additive background scattering]]
[2020.02.20-15.47.13:094][  0]LogConfig: Setting CVar [[r.DOF.Scatter.EnableBokehSettings:1      ; bokeh simulation when scattering]]
[2020.02.20-15.47.13:094][  0]LogConfig: Setting CVar [[r.DOF.Scatter.MaxSpriteRatio:0.1         ; only a maximum of 10% of scattered bokeh]]
[2020.02.20-15.47.13:094][  0]LogConfig: Setting CVar [[r.DOF.Recombine.Quality:1                ; cheap slight out of focus]]
[2020.02.20-15.47.13:094][  0]LogConfig: Setting CVar [[r.DOF.Recombine.EnableBokehSettings:0    ; no bokeh simulation on slight out of focus]]
[2020.02.20-15.47.13:094][  0]LogConfig: Setting CVar [[r.DOF.TemporalAAQuality:1                ; more stable temporal accumulation]]
[2020.02.20-15.47.13:094][  0]LogConfig: Setting CVar [[r.DOF.Kernel.MaxForegroundRadius:0.025]]
[2020.02.20-15.47.13:094][  0]LogConfig: Setting CVar [[r.DOF.Kernel.MaxBackgroundRadius:0.025]]
[2020.02.20-15.47.13:094][  0]LogConfig: Applying CVar settings from Section [TextureQuality@3] File [D:/Github/master_szu/ue4_project/Design3D/Saved/Config/Windows/Scalability.ini]
[2020.02.20-15.47.13:094][  0]LogConfig: Setting CVar [[r.Streaming.MipBias:0]]
[2020.02.20-15.47.13:094][  0]LogConfig: Setting CVar [[r.Streaming.AmortizeCPUToGPUCopy:0]]
[2020.02.20-15.47.13:094][  0]LogConfig: Setting CVar [[r.Streaming.MaxNumTexturesToStreamPerFrame:0]]
[2020.02.20-15.47.13:094][  0]LogConfig: Setting CVar [[r.Streaming.Boost:1]]
[2020.02.20-15.47.13:094][  0]LogConfig: Setting CVar [[r.MaxAnisotropy:8]]
[2020.02.20-15.47.13:094][  0]LogConfig: Setting CVar [[r.Streaming.LimitPoolSizeToVRAM:0]]
[2020.02.20-15.47.13:094][  0]LogConfig: Setting CVar [[r.Streaming.PoolSize:1000]]
[2020.02.20-15.47.13:094][  0]LogConfig: Setting CVar [[r.Streaming.MaxEffectiveScreenSize:0]]
[2020.02.20-15.47.13:094][  0]LogConfig: Applying CVar settings from Section [EffectsQuality@3] File [D:/Github/master_szu/ue4_project/Design3D/Saved/Config/Windows/Scalability.ini]
[2020.02.20-15.47.13:094][  0]LogConfig: Setting CVar [[r.TranslucencyLightingVolumeDim:64]]
[2020.02.20-15.47.13:094][  0]LogConfig: Setting CVar [[r.RefractionQuality:2]]
[2020.02.20-15.47.13:094][  0]LogConfig: Setting CVar [[r.SSR.Quality:3]]
[2020.02.20-15.47.13:094][  0]LogConfig: Setting CVar [[r.SceneColorFormat:4]]
[2020.02.20-15.47.13:094][  0]LogConfig: Setting CVar [[r.DetailMode:2]]
[2020.02.20-15.47.13:094][  0]LogConfig: Setting CVar [[r.TranslucencyVolumeBlur:1]]
[2020.02.20-15.47.13:094][  0]LogConfig: Setting CVar [[r.MaterialQualityLevel:1 ; High quality]]
[2020.02.20-15.47.13:094][  0]LogConfig: Setting CVar [[r.SSS.Scale:1]]
[2020.02.20-15.47.13:094][  0]LogConfig: Setting CVar [[r.SSS.SampleSet:2]]
[2020.02.20-15.47.13:094][  0]LogConfig: Setting CVar [[r.SSS.Quality:1]]
[2020.02.20-15.47.13:094][  0]LogConfig: Setting CVar [[r.SSS.HalfRes:1]]
[2020.02.20-15.47.13:094][  0]LogConfig: Setting CVar [[r.EmitterSpawnRateScale:1.0]]
[2020.02.20-15.47.13:094][  0]LogConfig: Setting CVar [[r.ParticleLightQuality:2]]
[2020.02.20-15.47.13:094][  0]LogConfig: Applying CVar settings from Section [FoliageQuality@3] File [D:/Github/master_szu/ue4_project/Design3D/Saved/Config/Windows/Scalability.ini]
[2020.02.20-15.47.13:094][  0]LogConfig: Setting CVar [[foliage.DensityScale:1.0]]
[2020.02.20-15.47.13:094][  0]LogConfig: Setting CVar [[grass.DensityScale:1.0]]
[2020.02.20-15.47.13:094][  0]LogConfig: Applying CVar settings from Section [Startup] File [../../../Engine/Config/ConsoleVariables.ini]
[2020.02.20-15.47.13:094][  0]LogConfig: Setting CVar [[r.ShaderDevelopmentMode:1]]
[2020.02.20-15.47.13:094][  0]LogConfig: Setting CVar [[r.DumpShaderDebugInfo:1]]
[2020.02.20-15.47.13:094][  0]LogConfig: Setting CVar [[r.DumpShaderDebugWorkerCommandLine:1]]
[2020.02.20-15.47.13:094][  0]LogConfig: Setting CVar [[r.XGEShaderCompile:0]]
[2020.02.20-15.47.13:094][  0]LogConfig: Setting CVar [[net.UseAdaptiveNetUpdateFrequency:0]]
[2020.02.20-15.47.13:094][  0]LogConfig: Setting CVar [[p.chaos.AllowCreatePhysxBodies:1]]
[2020.02.20-15.47.13:094][  0]LogConfig: Applying CVar settings from Section [ConsoleVariables] File [D:/Github/master_szu/ue4_project/Design3D/Saved/Config/Windows/Engine.ini]
[2020.02.20-15.47.13:100][  0]LogInit: Computer: DESKTOP-40JJLM8
[2020.02.20-15.47.13:100][  0]LogInit: User: Eli
[2020.02.20-15.47.13:100][  0]LogInit: CPU Page size=4096, Cores=4
[2020.02.20-15.47.13:100][  0]LogInit: High frequency timer resolution =10.000000 MHz
[2020.02.20-15.47.13:101][  0]LogMemory: Memory total: Physical=15.9GB (16GB approx)
[2020.02.20-15.47.13:101][  0]LogMemory: Platform Memory Stats for Windows
[2020.02.20-15.47.13:101][  0]LogMemory: Process Physical Memory: 115.96 MB used, 115.96 MB peak
[2020.02.20-15.47.13:101][  0]LogMemory: Process Virtual Memory: 81.76 MB used, 81.76 MB peak
[2020.02.20-15.47.13:101][  0]LogMemory: Physical Memory: 6494.50 MB used,  9753.24 MB free, 16247.74 MB total
[2020.02.20-15.47.13:101][  0]LogMemory: Virtual Memory: 4887.04 MB used,  134212840.00 MB free, 134217728.00 MB total
[2020.02.20-15.47.13:152][  0]LogInit: Using OS detected language (zh-CN).
[2020.02.20-15.47.13:152][  0]LogInit: Using OS detected locale (zh-CN).
[2020.02.20-15.47.13:153][  0]LogTextLocalizationResource: LocRes '../../../Engine/Content/Localization/Editor/zh-Hans-CN/Editor.locres' could not be opened for reading!
[2020.02.20-15.47.13:153][  0]LogTextLocalizationResource: LocRes '../../../Engine/Content/Localization/EditorTutorials/zh-Hans-CN/EditorTutorials.locres' could not be opened for reading!
[2020.02.20-15.47.13:153][  0]LogTextLocalizationResource: LocRes '../../../Engine/Content/Localization/Keywords/zh-Hans-CN/Keywords.locres' could not be opened for reading!
[2020.02.20-15.47.13:154][  0]LogTextLocalizationResource: LocRes '../../../Engine/Content/Localization/Category/zh-Hans-CN/Category.locres' could not be opened for reading!
[2020.02.20-15.47.13:154][  0]LogTextLocalizationResource: LocRes '../../../Engine/Content/Localization/ToolTips/zh-Hans-CN/ToolTips.locres' could not be opened for reading!
[2020.02.20-15.47.13:154][  0]LogTextLocalizationResource: LocRes '../../../Engine/Content/Localization/PropertyNames/zh-Hans-CN/PropertyNames.locres' could not be opened for reading!
[2020.02.20-15.47.13:154][  0]LogTextLocalizationResource: LocRes '../../../Engine/Content/Localization/Engine/zh-Hans-CN/Engine.locres' could not be opened for reading!
[2020.02.20-15.47.13:154][  0]LogTextLocalizationResource: LocRes '../../../Engine/Plugins/Online/Android/OnlineSubsystemGooglePlay/Content/Localization/OnlineSubsystemGooglePlay/zh-Hans-CN/OnlineSubsystemGooglePlay.locres' could not be opened for reading!
[2020.02.20-15.47.13:154][  0]LogTextLocalizationResource: LocRes '../../../Engine/Plugins/Online/IOS/OnlineSubsystemIOS/Content/Localization/OnlineSubsystemIOS/zh-Hans-CN/OnlineSubsystemIOS.locres' could not be opened for reading!
[2020.02.20-15.47.13:154][  0]LogTextLocalizationResource: LocRes '../../../Engine/Plugins/Online/OnlineSubsystem/Content/Localization/OnlineSubsystem/zh-Hans-CN/OnlineSubsystem.locres' could not be opened for reading!
[2020.02.20-15.47.13:154][  0]LogTextLocalizationResource: LocRes '../../../Engine/Plugins/Online/OnlineSubsystemUtils/Content/Localization/OnlineSubsystemUtils/zh-Hans-CN/OnlineSubsystemUtils.locres' could not be opened for reading!
[2020.02.20-15.47.13:281][  0]LogTextLocalizationResource: LocRes '../../../Engine/Plugins/Online/Android/OnlineSubsystemGooglePlay/Content/Localization/OnlineSubsystemGooglePlay/zh-CN/OnlineSubsystemGooglePlay.locres' could not be opened for reading!
[2020.02.20-15.47.13:281][  0]LogTextLocalizationResource: LocRes '../../../Engine/Plugins/Online/IOS/OnlineSubsystemIOS/Content/Localization/OnlineSubsystemIOS/zh-CN/OnlineSubsystemIOS.locres' could not be opened for reading!
[2020.02.20-15.47.13:281][  0]LogTextLocalizationResource: LocRes '../../../Engine/Plugins/Online/OnlineSubsystem/Content/Localization/OnlineSubsystem/zh-CN/OnlineSubsystem.locres' could not be opened for reading!
[2020.02.20-15.47.13:282][  0]LogTextLocalizationResource: LocRes '../../../Engine/Plugins/Online/OnlineSubsystemUtils/Content/Localization/OnlineSubsystemUtils/zh-CN/OnlineSubsystemUtils.locres' could not be opened for reading!
[2020.02.20-15.47.13:282][  0]LogTextLocalizationResource: LocRes '../../../Engine/Content/Localization/Editor/zh-Hans/Editor.locres' could not be opened for reading!
[2020.02.20-15.47.13:282][  0]LogTextLocalizationResource: LocRes '../../../Engine/Content/Localization/EditorTutorials/zh-Hans/EditorTutorials.locres' could not be opened for reading!
[2020.02.20-15.47.13:282][  0]LogTextLocalizationResource: LocRes '../../../Engine/Content/Localization/Keywords/zh-Hans/Keywords.locres' could not be opened for reading!
[2020.02.20-15.47.13:282][  0]LogTextLocalizationResource: LocRes '../../../Engine/Content/Localization/Category/zh-Hans/Category.locres' could not be opened for reading!
[2020.02.20-15.47.13:282][  0]LogTextLocalizationResource: LocRes '../../../Engine/Content/Localization/ToolTips/zh-Hans/ToolTips.locres' could not be opened for reading!
[2020.02.20-15.47.13:283][  0]LogTextLocalizationResource: LocRes '../../../Engine/Content/Localization/PropertyNames/zh-Hans/PropertyNames.locres' could not be opened for reading!
[2020.02.20-15.47.13:283][  0]LogTextLocalizationResource: LocRes '../../../Engine/Content/Localization/Engine/zh-Hans/Engine.locres' could not be opened for reading!
[2020.02.20-15.47.13:283][  0]LogTextLocalizationResource: LocRes '../../../Engine/Content/Localization/Editor/zh/Editor.locres' could not be opened for reading!
[2020.02.20-15.47.13:284][  0]LogTextLocalizationResource: LocRes '../../../Engine/Content/Localization/EditorTutorials/zh/EditorTutorials.locres' could not be opened for reading!
[2020.02.20-15.47.13:284][  0]LogTextLocalizationResource: LocRes '../../../Engine/Content/Localization/Keywords/zh/Keywords.locres' could not be opened for reading!
[2020.02.20-15.47.13:285][  0]LogTextLocalizationResource: LocRes '../../../Engine/Content/Localization/Category/zh/Category.locres' could not be opened for reading!
[2020.02.20-15.47.13:285][  0]LogTextLocalizationResource: LocRes '../../../Engine/Content/Localization/ToolTips/zh/ToolTips.locres' could not be opened for reading!
[2020.02.20-15.47.13:285][  0]LogTextLocalizationResource: LocRes '../../../Engine/Content/Localization/PropertyNames/zh/PropertyNames.locres' could not be opened for reading!
[2020.02.20-15.47.13:285][  0]LogTextLocalizationResource: LocRes '../../../Engine/Content/Localization/Engine/zh/Engine.locres' could not be opened for reading!
[2020.02.20-15.47.13:285][  0]LogTextLocalizationResource: LocRes '../../../Engine/Plugins/Online/Android/OnlineSubsystemGooglePlay/Content/Localization/OnlineSubsystemGooglePlay/zh/OnlineSubsystemGooglePlay.locres' could not be opened for reading!
[2020.02.20-15.47.13:286][  0]LogTextLocalizationResource: LocRes '../../../Engine/Plugins/Online/IOS/OnlineSubsystemIOS/Content/Localization/OnlineSubsystemIOS/zh/OnlineSubsystemIOS.locres' could not be opened for reading!
[2020.02.20-15.47.13:286][  0]LogTextLocalizationResource: LocRes '../../../Engine/Plugins/Online/OnlineSubsystem/Content/Localization/OnlineSubsystem/zh/OnlineSubsystem.locres' could not be opened for reading!
[2020.02.20-15.47.13:286][  0]LogTextLocalizationResource: LocRes '../../../Engine/Plugins/Online/OnlineSubsystemUtils/Content/Localization/OnlineSubsystemUtils/zh/OnlineSubsystemUtils.locres' could not be opened for reading!
[2020.02.20-15.47.13:379][  0]LogInit: Setting process to per monitor DPI aware
[2020.02.20-15.47.13:420][  0]LogSlate: New Slate User Created.  User Index 0, Is Virtual User: 0
[2020.02.20-15.47.13:420][  0]LogSlate: Slate User Registered.  User Index 0, Is Virtual User: 0
[2020.02.20-15.47.13:605][  0]LogHMD: Failed to initialize OpenVR with code 110
[2020.02.20-15.47.13:605][  0]LogD3D11RHI: D3D11 adapters:
[2020.02.20-15.47.13:664][  0]LogD3D11RHI:    0. 'NVIDIA GeForce GTX 1050 Ti' (Feature Level 11_0)
[2020.02.20-15.47.13:664][  0]LogD3D11RHI:       4018/0/8123 MB DedicatedVideo/DedicatedSystem/SharedSystem, Outputs:1, VendorId:0x10de
[2020.02.20-15.47.13:685][  0]LogD3D11RHI:    1. 'Intel(R) HD Graphics 630' (Feature Level 11_0)
[2020.02.20-15.47.13:685][  0]LogD3D11RHI:       128/0/8123 MB DedicatedVideo/DedicatedSystem/SharedSystem, Outputs:0, VendorId:0x8086
[2020.02.20-15.47.13:689][  0]LogD3D11RHI:    2. 'Microsoft Basic Render Driver' (Feature Level 11_0)
[2020.02.20-15.47.13:689][  0]LogD3D11RHI:       0/0/8123 MB DedicatedVideo/DedicatedSystem/SharedSystem, Outputs:0, VendorId:0x1414
[2020.02.20-15.47.13:689][  0]LogD3D11RHI: Chosen D3D11 Adapter: 0
[2020.02.20-15.47.13:694][  0]LogD3D11RHI: Creating new Direct3DDevice
[2020.02.20-15.47.13:694][  0]LogD3D11RHI:     GPU DeviceId: 0x1c82 (for the marketing name, search the web for "GPU Device Id")
[2020.02.20-15.47.13:694][  0]LogWindows: EnumDisplayDevices:
[2020.02.20-15.47.13:695][  0]LogWindows:    0. 'Intel(R) HD Graphics 630' (P:0 D:0)
[2020.02.20-15.47.13:695][  0]LogWindows:    1. 'Intel(R) HD Graphics 630' (P:0 D:0)
[2020.02.20-15.47.13:695][  0]LogWindows:    2. 'Intel(R) HD Graphics 630' (P:0 D:0)
[2020.02.20-15.47.13:696][  0]LogWindows:    3. 'NVIDIA GeForce GTX 1050 Ti' (P:1 D:1)
[2020.02.20-15.47.13:696][  0]LogWindows:    4. 'NVIDIA GeForce GTX 1050 Ti' (P:0 D:0)
[2020.02.20-15.47.13:696][  0]LogWindows:    5. 'NVIDIA GeForce GTX 1050 Ti' (P:0 D:0)
[2020.02.20-15.47.13:697][  0]LogWindows:    6. 'NVIDIA GeForce GTX 1050 Ti' (P:0 D:0)
[2020.02.20-15.47.13:697][  0]LogWindows: DebugString: PrimaryIsNotTheChoosenAdapter PrimaryIsNotTheChoosenAdapter PrimaryIsNotTheChoosenAdapter FoundDriverCount:4 
[2020.02.20-15.47.13:697][  0]LogD3D11RHI:     Adapter Name: NVIDIA GeForce GTX 1050 Ti
[2020.02.20-15.47.13:697][  0]LogD3D11RHI:   Driver Version: 391.25 (internal:23.21.13.9125, unified:391.25)
[2020.02.20-15.47.13:697][  0]LogD3D11RHI:      Driver Date: 3-16-2018
[2020.02.20-15.47.13:697][  0]LogRHI: Texture pool is 2812 MB (70% of 4018 MB)
[2020.02.20-15.47.13:735][  0]LogD3D11RHI: Async texture creation enabled
[2020.02.20-15.47.13:740][  0]LogRendererCore: FGlobalReadBuffer::InitRHI
[2020.02.20-15.47.13:740][  0]LogRendererCore: FGlobalReadBuffer::InitRHI
[2020.02.20-15.47.13:740][  0]LogRendererCore: FGlobalReadBuffer::InitRHI
[2020.02.20-15.47.13:752][  0]LogD3D11RHI: GPU Timing Frequency: 1000.000000 (Debug: 2 2)
[2020.02.20-15.47.14:015][  0]LogTemp: Display: Module 'AllDesktopTargetPlatform' loaded TargetPlatform 'AllDesktop'
[2020.02.20-15.47.14:058][  0]LogTemp: Display: Module 'MacClientTargetPlatform' loaded TargetPlatform 'MacClient'
[2020.02.20-15.47.14:103][  0]LogTemp: Display: Module 'MacNoEditorTargetPlatform' loaded TargetPlatform 'MacNoEditor'
[2020.02.20-15.47.14:144][  0]LogTemp: Display: Module 'MacServerTargetPlatform' loaded TargetPlatform 'MacServer'
[2020.02.20-15.47.14:189][  0]LogTemp: Display: Module 'MacTargetPlatform' loaded TargetPlatform 'Mac'
[2020.02.20-15.47.14:234][  0]LogTemp: Display: Module 'WindowsClientTargetPlatform' loaded TargetPlatform 'WindowsClient'
[2020.02.20-15.47.14:274][  0]LogTemp: Display: Module 'WindowsNoEditorTargetPlatform' loaded TargetPlatform 'WindowsNoEditor'
[2020.02.20-15.47.14:325][  0]LogTemp: Display: Module 'WindowsServerTargetPlatform' loaded TargetPlatform 'WindowsServer'
[2020.02.20-15.47.14:348][  0]LogTemp: Display: Module 'WindowsTargetPlatform' loaded TargetPlatform 'Windows'
[2020.02.20-15.47.14:556][  0]LogTemp: Display: Module 'AndroidTargetPlatform' loaded TargetPlatform 'Android'
[2020.02.20-15.47.14:556][  0]LogTemp: Display: Module 'AndroidTargetPlatform' loaded TargetPlatform 'Android_ASTC'
[2020.02.20-15.47.14:556][  0]LogTemp: Display: Module 'AndroidTargetPlatform' loaded TargetPlatform 'Android_ATC'
[2020.02.20-15.47.14:556][  0]LogTemp: Display: Module 'AndroidTargetPlatform' loaded TargetPlatform 'Android_DXT'
[2020.02.20-15.47.14:556][  0]LogTemp: Display: Module 'AndroidTargetPlatform' loaded TargetPlatform 'Android_ETC1'
[2020.02.20-15.47.14:556][  0]LogTemp: Display: Module 'AndroidTargetPlatform' loaded TargetPlatform 'Android_ETC1a'
[2020.02.20-15.47.14:556][  0]LogTemp: Display: Module 'AndroidTargetPlatform' loaded TargetPlatform 'Android_ETC2'
[2020.02.20-15.47.14:557][  0]LogTemp: Display: Module 'AndroidTargetPlatform' loaded TargetPlatform 'Android_PVRTC'
[2020.02.20-15.47.14:557][  0]LogTemp: Display: Module 'AndroidTargetPlatform' loaded TargetPlatform 'AndroidClient'
[2020.02.20-15.47.14:557][  0]LogTemp: Display: Module 'AndroidTargetPlatform' loaded TargetPlatform 'Android_ASTCClient'
[2020.02.20-15.47.14:557][  0]LogTemp: Display: Module 'AndroidTargetPlatform' loaded TargetPlatform 'Android_ATCClient'
[2020.02.20-15.47.14:557][  0]LogTemp: Display: Module 'AndroidTargetPlatform' loaded TargetPlatform 'Android_DXTClient'
[2020.02.20-15.47.14:557][  0]LogTemp: Display: Module 'AndroidTargetPlatform' loaded TargetPlatform 'Android_ETC1Client'
[2020.02.20-15.47.14:557][  0]LogTemp: Display: Module 'AndroidTargetPlatform' loaded TargetPlatform 'Android_ETC1aClient'
[2020.02.20-15.47.14:557][  0]LogTemp: Display: Module 'AndroidTargetPlatform' loaded TargetPlatform 'Android_ETC2Client'
[2020.02.20-15.47.14:557][  0]LogTemp: Display: Module 'AndroidTargetPlatform' loaded TargetPlatform 'Android_PVRTCClient'
[2020.02.20-15.47.14:557][  0]LogTemp: Display: Module 'AndroidTargetPlatform' loaded TargetPlatform 'Android_Multi'
[2020.02.20-15.47.14:557][  0]LogTemp: Display: Module 'AndroidTargetPlatform' loaded TargetPlatform 'Android_MultiClient'
[2020.02.20-15.47.14:577][  0]LogTemp: Display: Module 'HTML5TargetPlatform' loaded TargetPlatform 'HTML5'
[2020.02.20-15.47.14:694][  0]LogTemp: Display: Module 'IOSTargetPlatform' loaded TargetPlatform 'IOSClient'
[2020.02.20-15.47.14:694][  0]LogTemp: Display: Module 'IOSTargetPlatform' loaded TargetPlatform 'IOS'
[2020.02.20-15.47.14:764][  0]LogTemp: Display: Module 'TVOSTargetPlatform' loaded TargetPlatform 'TVOSClient'
[2020.02.20-15.47.14:764][  0]LogTemp: Display: Module 'TVOSTargetPlatform' loaded TargetPlatform 'TVOS'
[2020.02.20-15.47.14:912][  0]LogTemp: Display: Module 'LuminTargetPlatform' loaded TargetPlatform 'Lumin'
[2020.02.20-15.47.14:912][  0]LogTemp: Display: Module 'LuminTargetPlatform' loaded TargetPlatform 'LuminClient'
[2020.02.20-15.47.14:912][  0]LogTargetPlatformManager: Display: Building Assets For Windows
[2020.02.20-15.47.14:965][  0]LogAudioDebug: Display: Lib vorbis DLL was dynamically loaded.
[2020.02.20-15.47.15:137][  0]LogShaderCompilers: Guid format shader working directory is 1 characters bigger than the processId version (../../../../master_szu/ue4_project/Design3D/Intermediate/Shaders/WorkingDirectory/8516/).
[2020.02.20-15.47.15:138][  0]LogShaderCompilers: Cleaned the shader compiler working directory 'C:/Users/Eli/AppData/Local/Temp/UnrealShaderWorkingDir/228126B14A066C318AAE2A90E679651B/'.
[2020.02.20-15.47.15:138][  0]LogShaderCompilers: Display: Using Local Shader Compiler.
[2020.02.20-15.47.15:158][  0]LogShaders: InitializeShaderTypes() begin
[2020.02.20-15.47.15:159][  0]LogShaders: Shader directory mapping /Engine -> ../../../Engine/Shaders
[2020.02.20-15.47.15:159][  0]LogShaders: Shader directory mapping /Plugin/DatasmithContent -> ../../../Engine/Plugins/Enterprise/DatasmithContent/Shaders
[2020.02.20-15.47.15:159][  0]LogShaders: Shader directory mapping /Plugin/WmfMedia -> ../../../Engine/Plugins/Media/WmfMedia/Shaders
[2020.02.20-15.47.15:159][  0]LogShaders: Shader directory mapping /Plugin/OculusVR -> ../../../Engine/Plugins/Runtime/Oculus/OculusVR/Shaders
[2020.02.20-15.47.15:950][  0]LogShaders: InitializeShaderTypes() end
[2020.02.20-15.47.16:323][  0]LogDerivedDataCache: Display: Max Cache Size: 512 MB
[2020.02.20-15.47.16:369][  0]LogDerivedDataCache: Loaded boot cache 0.05s 73MB ../../../../master_szu/ue4_project/Design3D/DerivedDataCache/Boot.ddc.
[2020.02.20-15.47.16:369][  0]LogDerivedDataCache: Display: Loaded Boot cache: ../../../../master_szu/ue4_project/Design3D/DerivedDataCache/Boot.ddc
[2020.02.20-15.47.16:370][  0]LogDerivedDataCache: FDerivedDataBackendGraph:  Pak pak cache file ../../../../master_szu/ue4_project/Design3D/DerivedDataCache/DDC.ddp not found, will not use a pak cache.
[2020.02.20-15.47.16:370][  0]LogDerivedDataCache: Unable to find inner node Pak for hierarchical cache Hierarchy.
[2020.02.20-15.47.16:370][  0]LogDerivedDataCache: FDerivedDataBackendGraph:  EnginePak pak cache file ../../../Engine/DerivedDataCache/DDC.ddp not found, will not use a pak cache.
[2020.02.20-15.47.16:370][  0]LogDerivedDataCache: Unable to find inner node EnginePak for hierarchical cache Hierarchy.
[2020.02.20-15.47.16:383][  0]LogDerivedDataCache: Using Local data cache path ../../../Engine/DerivedDataCache: Writable
[2020.02.20-15.47.16:383][  0]LogDerivedDataCache: Shared data cache path not found in *engine.ini, will not use an Shared cache.
[2020.02.20-15.47.16:383][  0]LogDerivedDataCache: Unable to find inner node Shared for hierarchical cache Hierarchy.
[2020.02.20-15.47.16:465][  0]LogMaterial: Verifying Global Shaders for PCD3D_SM5
[2020.02.20-15.47.16:474][  0]LogSlate: Using FreeType 2.6.0
[2020.02.20-15.47.16:475][  0]LogSlate: SlateFontServices - WITH_FREETYPE: 1, WITH_HARFBUZZ: 1
[2020.02.20-15.47.16:574][  0]LogAssetRegistry: FAssetRegistry took 0.0527 seconds to start up
[2020.02.20-15.47.17:696][  0]LogInit: Selected Device Profile: [Windows]
[2020.02.20-15.47.18:104][  0]LogMeshReduction: Using QuadricMeshReduction for automatic static mesh reduction
[2020.02.20-15.47.18:105][  0]LogMeshReduction: Using SimplygonMeshReduction for automatic skeletal mesh reduction
[2020.02.20-15.47.18:105][  0]LogMeshReduction: Using ProxyLODMeshReduction for automatic mesh merging
[2020.02.20-15.47.18:105][  0]LogMeshReduction: No distributed automatic mesh merging module available
[2020.02.20-15.47.18:105][  0]LogMeshMerging: No distributed automatic mesh merging module available
[2020.02.20-15.47.18:129][  0]LogNetVersion: Design3D 1.0.0, NetCL: 0, EngineNetVer: 10, GameNetVer: 0 (Checksum: 2577008440)
[2020.02.20-15.47.19:687][  0]LogPackageLocalizationCache: Processed 10 localized package path(s) for 4 prioritized culture(s) in 0.633439 seconds
[2020.02.20-15.47.19:706][  0]LogUObjectArray: 42974 objects as part of root set at end of initial load.
[2020.02.20-15.47.19:707][  0]LogUObjectAllocator: 7452944 out of 0 bytes used by permanent object pool.
[2020.02.20-15.47.19:707][  0]LogUObjectArray: CloseDisregardForGC: 0/0 objects in disregard for GC pool
[2020.02.20-15.47.21:412][  0]LogTcpMessaging: Initializing TcpMessaging bridge
[2020.02.20-15.47.21:435][  0]LogUdpMessaging: Initializing bridge on interface 0.0.0.0:0 to multicast group 230.0.0.1:6666.
[2020.02.20-15.47.21:906][  0]SourceControl: 源码控制已禁用
[2020.02.20-15.47.21:907][  0]SourceControl: 源码控制已禁用
[2020.02.20-15.47.21:915][  0]SourceControl: 源码控制已禁用
[2020.02.20-15.47.21:923][  0]SourceControl: 源码控制已禁用
[2020.02.20-15.47.22:404][  0]LogAndroidPermission: UAndroidPermissionCallbackProxy::GetInstance
[2020.02.20-15.47.22:722][  0]LogOcInput: OculusInput pre-init called
[2020.02.20-15.47.24:067][  0]LogEngine: Initializing Engine...
[2020.02.20-15.47.24:068][  0]LogHMD: Failed to initialize OpenVR with code 110
[2020.02.20-15.47.24:072][  0]LogStats: UGameplayTagsManager::InitializeManager -  0.000 s
[2020.02.20-15.47.24:556][  0]LogInit: Initializing FReadOnlyCVARCache
[2020.02.20-15.47.24:594][  0]LogAIModule: Creating AISystem for world Untitled
[2020.02.20-15.47.24:625][  0]LogInit: XAudio2 using '扬声器/听筒 (Realtek(R) Audio)' : 2 channels at 48 kHz using 32 bits per sample (channel mask 0x3)
[2020.02.20-15.47.24:722][  0]LogInit: FAudioDevice initialized.
[2020.02.20-15.47.24:723][  0]LogNetVersion: Set ProjectVersion to 1.0.0.0. Version Checksum will be recalculated on next use.
[2020.02.20-15.47.26:228][  0]LogDerivedDataCache: Saved boot cache 1.51s 83MB ../../../../master_szu/ue4_project/Design3D/DerivedDataCache/Boot.ddc.
[2020.02.20-15.47.26:246][  0]LogInit: Texture streaming: Enabled
[2020.02.20-15.47.26:332][  0]LogInit: Transaction tracking system initialized
[2020.02.20-15.47.26:423][  0]BlueprintLog: New page: 编辑器加载
[2020.02.20-15.47.26:782][  0]LocalizationService: 本地化服务已禁用
[2020.02.20-15.47.27:601][  0]LogCook: Display: Max memory allowance for cook 16384mb min free memory 0mb
[2020.02.20-15.47.27:601][  0]LogCook: Display: Mobile HDR setting 1
[2020.02.20-15.47.28:286][  0]LogFileCache: Scanning file cache for directory 'D:/Github/master_szu/ue4_project/Design3D/Content/' took 0.15s
[2020.02.20-15.47.28:286][  0]SourceControl: 源码控制已禁用
[2020.02.20-15.47.28:287][  0]Cmd: MAP LOAD FILE="../../../../master_szu/ue4_project/Design3D/Content/StarterContent/Maps/Minimal_Default.umap" TEMPLATE=0 SHOWPROGRESS=1 FEATURELEVEL=3
[2020.02.20-15.47.28:287][  0]LightingResults: New page: 光照构建
[2020.02.20-15.47.28:292][  0]MapCheck: New page: 地图检测
[2020.02.20-15.47.28:293][  0]LightingResults: New page: 光照构建
[2020.02.20-15.47.28:363][  0]LogUObjectHash: Compacting FUObjectHashTables data took   7.77ms
[2020.02.20-15.47.28:635][  0]LogAIModule: Creating AISystem for world Minimal_Default
[2020.02.20-15.47.28:650][  0]LogEditorServer: Finished looking for orphan Actors (0.000 secs)
[2020.02.20-15.47.28:731][  0]LogUObjectHash: Compacting FUObjectHashTables data took  12.87ms
[2020.02.20-15.47.28:731][  0]Cmd: MAP CHECKDEP NOCLEARLOG
[2020.02.20-15.47.28:732][  0]MapCheck: 地图检测完成：0个错误，0 个警告，用时0.126毫秒完成。
[2020.02.20-15.47.28:732][  0]LogFileHelpers: Loading map 'Minimal_Default' took 0.445
[2020.02.20-15.47.28:933][  0]LogSlate: Updating window title bar state: overlay mode, drag disabled, window buttons hidden, title bar hidden
[2020.02.20-15.47.28:958][  0]LogSlate: Updating window title bar state: overlay mode, drag disabled, window buttons hidden, title bar hidden
[2020.02.20-15.47.28:985][  0]LogSlate: Updating window title bar state: overlay mode, drag disabled, window buttons hidden, title bar hidden
[2020.02.20-15.47.29:010][  0]LogSlate: Updating window title bar state: overlay mode, drag disabled, window buttons hidden, title bar hidden
[2020.02.20-15.47.29:027][  0]LogCollectionManager: Loaded 0 collections in 0.002572 seconds
[2020.02.20-15.47.29:049][  0]LogFileCache: Scanning file cache for directory 'D:/Github/master_szu/ue4_project/Design3D/Saved/Collections/' took 0.01s
[2020.02.20-15.47.29:049][  0]LogFileCache: Scanning file cache for directory 'D:/Github/master_szu/ue4_project/Design3D/Content/Developers/Eli/Collections/' took 0.00s
[2020.02.20-15.47.29:049][  0]LogFileCache: Scanning file cache for directory 'D:/Github/master_szu/ue4_project/Design3D/Content/Collections/' took 0.00s
[2020.02.20-15.47.29:049][  0]LogCollectionManager: Rebuilt the GUID cache for 0 collections in 0.000000 seconds
[2020.02.20-15.47.29:085][  0]LogContentBrowser: Native class hierarchy populated in 0.0347 seconds. Added 2763 classes and 667 folders.
[2020.02.20-15.47.29:097][  0]LogContentBrowser: Native class hierarchy updated for 'WidgetCarousel' in 0.0007 seconds. Added 0 classes and 0 folders.
[2020.02.20-15.47.29:099][  0]LogPakFile: Registered encryption key '00000000000000000000000000000000': 0 pak files mounted, 0 remain pending
[2020.02.20-15.47.29:100][  0]LogPakFile: Registered encryption key '00000000000000000000000000000000': 0 pak files mounted, 0 remain pending
[2020.02.20-15.47.29:101][  0]LogPakFile: Registered encryption key '00000000000000000000000000000000': 0 pak files mounted, 0 remain pending
[2020.02.20-15.47.29:102][  0]LogPakFile: Registered encryption key '00000000000000000000000000000000': 0 pak files mounted, 0 remain pending
[2020.02.20-15.47.29:103][  0]LogPakFile: Registered encryption key '00000000000000000000000000000000': 0 pak files mounted, 0 remain pending
[2020.02.20-15.47.29:104][  0]LogPakFile: Registered encryption key '00000000000000000000000000000000': 0 pak files mounted, 0 remain pending
[2020.02.20-15.47.29:105][  0]LogPakFile: Registered encryption key '00000000000000000000000000000000': 0 pak files mounted, 0 remain pending
[2020.02.20-15.47.29:106][  0]LogPakFile: Registered encryption key '00000000000000000000000000000000': 0 pak files mounted, 0 remain pending
[2020.02.20-15.47.29:107][  0]LogPakFile: Registered encryption key '00000000000000000000000000000000': 0 pak files mounted, 0 remain pending
[2020.02.20-15.47.29:108][  0]LogPakFile: Registered encryption key '00000000000000000000000000000000': 0 pak files mounted, 0 remain pending
[2020.02.20-15.47.29:109][  0]LogPakFile: Registered encryption key '00000000000000000000000000000000': 0 pak files mounted, 0 remain pending
[2020.02.20-15.47.29:110][  0]LogPakFile: Registered encryption key '00000000000000000000000000000000': 0 pak files mounted, 0 remain pending
[2020.02.20-15.47.29:111][  0]LogPakFile: Registered encryption key '00000000000000000000000000000000': 0 pak files mounted, 0 remain pending
[2020.02.20-15.47.29:112][  0]LogPakFile: Registered encryption key '00000000000000000000000000000000': 0 pak files mounted, 0 remain pending
[2020.02.20-15.47.29:113][  0]LogPakFile: Registered encryption key '00000000000000000000000000000000': 0 pak files mounted, 0 remain pending
[2020.02.20-15.47.29:114][  0]LogPakFile: Registered encryption key '00000000000000000000000000000000': 0 pak files mounted, 0 remain pending
[2020.02.20-15.47.29:115][  0]LogPakFile: Registered encryption key '00000000000000000000000000000000': 0 pak files mounted, 0 remain pending
[2020.02.20-15.47.29:116][  0]LogPakFile: Registered encryption key '00000000000000000000000000000000': 0 pak files mounted, 0 remain pending
[2020.02.20-15.47.29:117][  0]LogPakFile: Registered encryption key '00000000000000000000000000000000': 0 pak files mounted, 0 remain pending
[2020.02.20-15.47.29:118][  0]LogPakFile: Registered encryption key '00000000000000000000000000000000': 0 pak files mounted, 0 remain pending
[2020.02.20-15.47.29:120][  0]LogPakFile: Registered encryption key '00000000000000000000000000000000': 0 pak files mounted, 0 remain pending
[2020.02.20-15.47.29:121][  0]LogPakFile: Registered encryption key '00000000000000000000000000000000': 0 pak files mounted, 0 remain pending
[2020.02.20-15.47.29:122][  0]LogPakFile: Registered encryption key '00000000000000000000000000000000': 0 pak files mounted, 0 remain pending
[2020.02.20-15.47.29:123][  0]LogPakFile: Registered encryption key '00000000000000000000000000000000': 0 pak files mounted, 0 remain pending
[2020.02.20-15.47.29:124][  0]LogPakFile: Registered encryption key '00000000000000000000000000000000': 0 pak files mounted, 0 remain pending
[2020.02.20-15.47.29:125][  0]LogPakFile: Registered encryption key '00000000000000000000000000000000': 0 pak files mounted, 0 remain pending
[2020.02.20-15.47.29:148][  0]LogContentBrowser: Native class hierarchy updated for 'AddContentDialog' in 0.0008 seconds. Added 0 classes and 0 folders.
[2020.02.20-15.47.29:175][  0]LogContentBrowser: Native class hierarchy updated for 'SceneOutliner' in 0.0010 seconds. Added 1 classes and 2 folders.
[2020.02.20-15.47.29:221][  0]LogContentBrowser: Native class hierarchy updated for 'WorldBrowser' in 0.0008 seconds. Added 2 classes and 3 folders.
[2020.02.20-15.47.31:246][  0]LogSlate: Only BGRA pngs, bmps or icos are supported in by External Image Picker
[2020.02.20-15.47.31:283][  0]LogSlate: Took 0.000157 seconds to synchronously load lazily loaded font '../../../Engine/Content/Slate/Fonts/Roboto-Regular.ttf' (155K)
[2020.02.20-15.47.31:292][  0]LogSlate: Took 0.007423 seconds to synchronously load lazily loaded font '../../../Engine/Content/Slate/Fonts/DroidSansFallback.ttf' (3848K)
[2020.02.20-15.47.31:294][  0]LogSlate: Took 0.000187 seconds to synchronously load lazily loaded font '../../../Engine/Content/Slate/Fonts/Roboto-Bold.ttf' (160K)
[2020.02.20-15.47.31:300][  0]LogSlate: Took 0.000121 seconds to synchronously load lazily loaded font '../../../Engine/Content/Editor/Slate/Fonts/FontAwesome.ttf' (139K)
[2020.02.20-15.47.31:405][  0]LogRenderer: Reallocating scene render targets to support 1208x572 Format 10 NumSamples 1 (Frame:1).
[2020.02.20-15.47.31:436][  0]LogSlate: Took 0.000135 seconds to synchronously load lazily loaded font '../../../Engine/Content/Slate/Fonts/Roboto-Light.ttf' (167K)
[2020.02.20-15.47.31:479][  0]LogUObjectGlobals: Warning: 寻找对象 'Class /Script/Design3D.Design3DGameMode’ 失败
[2020.02.20-15.47.31:569][  0]LogContentBrowser: Native class hierarchy updated for 'HierarchicalLODOutliner' in 0.0008 seconds. Added 0 classes and 0 folders.
[2020.02.20-15.47.31:570][  0]LogLoad: (Engine Initialization) Total time: 21.64 seconds
[2020.02.20-15.47.31:570][  0]LogLoad: (Engine Initialization) Total Blueprint compile time: 0.00 seconds
[2020.02.20-15.47.31:632][  0]LogActor: Warning: MyActor /Engine/Transient.World_0:PersistentLevel.MyActor_0 has natively added scene component(s), but none of them were set as the actor's RootComponent - picking one arbitrarily
[2020.02.20-15.47.31:632][  0]LogTemp: Error: ATestActor::PostActorCreated
[2020.02.20-15.47.31:633][  0]LogTemp: Error: ATestActor::OnConstruction
[2020.02.20-15.47.31:633][  0]LogTemp: Error: ATestActor::PreInitializeComponents
[2020.02.20-15.47.31:633][  0]LogTemp: Error: ATestActor::PostInitializeComponents
[2020.02.20-15.47.31:699][  0]LogContentStreaming: Texture pool size now 1000 MB
[2020.02.20-15.47.33:119][ 20]LogSlate: FSceneViewport::OnFocusLost() reason 2
[2020.02.20-15.47.33:316][ 23]LogTemp: IOS device listing is disabled (to many failed attempts)!
[2020.02.20-15.47.34:701][ 50]LogSlate: Window '项目设置' being destroyed
[2020.02.20-15.47.34:709][ 50]LogSlate: Window '项目设置' being destroyed
[2020.02.20-15.47.34:874][ 51]LogAssetRegistry: Asset discovery search completed in 18.3250 seconds
[2020.02.20-15.47.34:907][ 51]LogCollectionManager: Rebuilt the object cache for 0 collections in 0.000004 seconds (found 0 objects)
[2020.02.20-15.47.34:908][ 51]LogCollectionManager: Fixed up redirectors for 0 collections in 0.000239 seconds (updated 0 objects)
[2020.02.20-15.47.36:008][127]LogSlate: FSceneViewport::OnFocusLost() reason 0
[2020.02.20-15.47.36:115][134]LogSlate: Window '消息日志' being destroyed
[2020.02.20-15.47.36:121][134]LogSlate: Window '消息日志' being destroyed
[2020.02.20-15.47.36:934][179]LogSlate: FSceneViewport::OnFocusLost() reason 0
[2020.02.20-15.47.37:030][186]LogTemp: Repeating last play command: 选中的视口
[2020.02.20-15.47.37:066][186]LogBlueprintUserMessages: Early PlayInEditor Detection: Level '/Game/StarterContent/Maps/Minimal_Default.Minimal_Default:PersistentLevel' has LevelScriptBlueprint '/Game/StarterContent/Maps/Minimal_Default.Minimal_Default:PersistentLevel.Minimal_Default' with GeneratedClass '/Game/StarterContent/Maps/Minimal_Default.Minimal_Default_C' with ClassGeneratedBy '/Game/StarterContent/Maps/Minimal_Default.Minimal_Default:PersistentLevel.Minimal_Default'
[2020.02.20-15.47.37:066][186]LogPlayLevel: PlayLevel: No blueprints needed recompiling
[2020.02.20-15.47.37:066][186]PIE: New page: PIE会话: Minimal_Default (2020年2月21日 上午7:47:37)
[2020.02.20-15.47.37:081][186]LogPlayLevel: Creating play world package: /Game/StarterContent/Maps/UEDPIE_0_Minimal_Default
[2020.02.20-15.47.37:091][186]LogPlayLevel: PIE: StaticDuplicateObject took: (0.009598s)
[2020.02.20-15.47.37:093][186]LogAIModule: Creating AISystem for world Minimal_Default
[2020.02.20-15.47.37:093][186]LogPlayLevel: PIE: World Init took: (0.001670s)
[2020.02.20-15.47.37:094][186]LogPlayLevel: PIE: Created PIE world by copying editor world from /Game/StarterContent/Maps/Minimal_Default.Minimal_Default to /Game/StarterContent/Maps/UEDPIE_0_Minimal_Default.Minimal_Default (0.012007s)
[2020.02.20-15.47.37:155][186]LogUObjectHash: Compacting FUObjectHashTables data took   6.15ms
[2020.02.20-15.47.37:172][186]LogInit: XAudio2 using '扬声器/听筒 (Realtek(R) Audio)' : 2 channels at 48 kHz using 32 bits per sample (channel mask 0x3)
[2020.02.20-15.47.37:250][186]LogInit: FAudioDevice initialized.
[2020.02.20-15.47.37:303][186]LogLoad: Game class is 'GameModeBase'
[2020.02.20-15.47.37:308][186]LogWorld: Bringing World /Game/StarterContent/Maps/UEDPIE_0_Minimal_Default.Minimal_Default up for play (max tick rate 0) at 2020.02.20-23.47.37
[2020.02.20-15.47.37:310][186]LogWorld: Bringing up level for play took: 0.002847
[2020.02.20-15.47.37:335][186]LogContentBrowser: Native class hierarchy updated for 'MovieSceneCapture' in 0.0013 seconds. Added 20 classes and 0 folders.
[2020.02.20-15.47.37:337][186]PIE: /Game/StarterContent/Maps/UEDPIE_0_Minimal_Default的‘在编辑器中播放’的起始时间1.193
[2020.02.20-15.47.37:338][186]LogBlueprintUserMessages: Late PlayInEditor Detection: Level '/Game/StarterContent/Maps/Minimal_Default.Minimal_Default:PersistentLevel' has LevelScriptBlueprint '/Game/StarterContent/Maps/Minimal_Default.Minimal_Default:PersistentLevel.Minimal_Default' with GeneratedClass '/Game/StarterContent/Maps/Minimal_Default.Minimal_Default_C' with ClassGeneratedBy '/Game/StarterContent/Maps/Minimal_Default.Minimal_Default:PersistentLevel.Minimal_Default'
[2020.02.20-15.47.39:890][332]Cmd: Camera "FreeCam"
[2020.02.20-15.47.39:890][332]LogSlate: FSceneViewport::OnFocusLost() reason 2
[2020.02.20-15.47.40:537][375]LogStreaming: Display: Flushing async loaders.
[2020.02.20-15.47.40:925][375]LogMaterial: Display: Missing cached shader map for material m5, compiling. 
[2020.02.20-15.47.40:927][375]LogShaders: Display: 	Compiling m5: Platform=PCD3D_SM5, Usage=LightingModel=MSM_DefaultLit, BlendMode=BLEND_Opaque, SpecialEngine=0, TwoSided=0, TSNormal=1, Masked=0, Distorted=0, WritesEveryPixel=1, ModifiesMeshPosition=0, Usage={}, StaticMaterialLayers=
[2020.02.20-15.47.41:007][375]LogShaders: 		13 Shaders among 1 VertexFactories
[2020.02.20-15.47.41:012][375]LogMaterial: Display: Missing cached shader map for material m5, compiling. 
[2020.02.20-15.47.41:015][375]LogShaders: Display: 	Compiling m5: Platform=PCD3D_SM5, Usage=LightingModel=MSM_DefaultLit, BlendMode=BLEND_Opaque, SpecialEngine=0, TwoSided=0, TSNormal=1, Masked=0, Distorted=0, WritesEveryPixel=1, ModifiesMeshPosition=0, Usage={}, StaticMaterialLayers=
[2020.02.20-15.47.41:213][375]LogShaders: 		24 Shaders among 2 VertexFactories
[2020.02.20-15.47.41:703][375]LogMaterial: Display: Missing cached shader map for material m6, compiling. 
[2020.02.20-15.47.41:706][375]LogShaders: Display: 	Compiling m6: Platform=PCD3D_SM5, Usage=LightingModel=MSM_DefaultLit, BlendMode=BLEND_Opaque, SpecialEngine=0, TwoSided=0, TSNormal=1, Masked=0, Distorted=0, WritesEveryPixel=1, ModifiesMeshPosition=0, Usage={}, StaticMaterialLayers=
[2020.02.20-15.47.41:741][375]LogShaders: 		13 Shaders among 1 VertexFactories
[2020.02.20-15.47.41:756][375]LogMaterial: Display: Missing cached shader map for material m6, compiling. 
[2020.02.20-15.47.41:760][375]LogShaders: Display: 	Compiling m6: Platform=PCD3D_SM5, Usage=LightingModel=MSM_DefaultLit, BlendMode=BLEND_Opaque, SpecialEngine=0, TwoSided=0, TSNormal=1, Masked=0, Distorted=0, WritesEveryPixel=1, ModifiesMeshPosition=0, Usage={}, StaticMaterialLayers=
[2020.02.20-15.47.41:810][375]LogShaders: 		24 Shaders among 2 VertexFactories
[2020.02.20-15.47.42:034][375]LogMaterial: Display: Missing cached shader map for material m4, compiling. 
[2020.02.20-15.47.42:038][375]LogShaders: Display: 	Compiling m4: Platform=PCD3D_SM5, Usage=LightingModel=MSM_DefaultLit, BlendMode=BLEND_Opaque, SpecialEngine=0, TwoSided=0, TSNormal=1, Masked=0, Distorted=0, WritesEveryPixel=1, ModifiesMeshPosition=0, Usage={}, StaticMaterialLayers=
[2020.02.20-15.47.42:068][375]LogShaders: 		13 Shaders among 1 VertexFactories
[2020.02.20-15.47.42:075][375]LogMaterial: Display: Missing cached shader map for material m4, compiling. 
[2020.02.20-15.47.42:079][375]LogShaders: Display: 	Compiling m4: Platform=PCD3D_SM5, Usage=LightingModel=MSM_DefaultLit, BlendMode=BLEND_Opaque, SpecialEngine=0, TwoSided=0, TSNormal=1, Masked=0, Distorted=0, WritesEveryPixel=1, ModifiesMeshPosition=0, Usage={}, StaticMaterialLayers=
[2020.02.20-15.47.42:129][375]LogShaders: 		24 Shaders among 2 VertexFactories
[2020.02.20-15.47.42:522][375]LogMaterial: Display: Missing cached shader map for material m4, compiling. 
[2020.02.20-15.47.42:526][375]LogShaders: Display: 	Compiling m4: Platform=PCD3D_SM5, Usage=LightingModel=MSM_DefaultLit, BlendMode=BLEND_Opaque, SpecialEngine=0, TwoSided=0, TSNormal=1, Masked=0, Distorted=0, WritesEveryPixel=1, ModifiesMeshPosition=0, Usage={}, StaticMaterialLayers=
[2020.02.20-15.47.42:547][375]LogShaders: 		13 Shaders among 1 VertexFactories
[2020.02.20-15.47.42:556][375]LogMaterial: Display: Missing cached shader map for material m4, compiling. 
[2020.02.20-15.47.42:559][375]LogShaders: Display: 	Compiling m4: Platform=PCD3D_SM5, Usage=LightingModel=MSM_DefaultLit, BlendMode=BLEND_Opaque, SpecialEngine=0, TwoSided=0, TSNormal=1, Masked=0, Distorted=0, WritesEveryPixel=1, ModifiesMeshPosition=0, Usage={}, StaticMaterialLayers=
[2020.02.20-15.47.42:595][375]LogShaders: 		24 Shaders among 2 VertexFactories
[2020.02.20-15.47.42:797][375]LogMaterial: Display: Missing cached shader map for material m5, compiling. 
[2020.02.20-15.47.42:801][375]LogShaders: Display: 	Compiling m5: Platform=PCD3D_SM5, Usage=LightingModel=MSM_DefaultLit, BlendMode=BLEND_Opaque, SpecialEngine=0, TwoSided=0, TSNormal=1, Masked=0, Distorted=0, WritesEveryPixel=1, ModifiesMeshPosition=0, Usage={}, StaticMaterialLayers=
[2020.02.20-15.47.42:823][375]LogShaders: 		13 Shaders among 1 VertexFactories
[2020.02.20-15.47.42:832][375]LogMaterial: Display: Missing cached shader map for material m5, compiling. 
[2020.02.20-15.47.42:834][375]LogShaders: Display: 	Compiling m5: Platform=PCD3D_SM5, Usage=LightingModel=MSM_DefaultLit, BlendMode=BLEND_Opaque, SpecialEngine=0, TwoSided=0, TSNormal=1, Masked=0, Distorted=0, WritesEveryPixel=1, ModifiesMeshPosition=0, Usage={}, StaticMaterialLayers=
[2020.02.20-15.47.42:867][375]LogShaders: 		24 Shaders among 2 VertexFactories
[2020.02.20-15.47.42:989][375]LogMaterial: Display: Missing cached shader map for material m6, compiling. 
[2020.02.20-15.47.42:993][375]LogShaders: Display: 	Compiling m6: Platform=PCD3D_SM5, Usage=LightingModel=MSM_DefaultLit, BlendMode=BLEND_Opaque, SpecialEngine=0, TwoSided=0, TSNormal=1, Masked=0, Distorted=0, WritesEveryPixel=1, ModifiesMeshPosition=0, Usage={}, StaticMaterialLayers=
[2020.02.20-15.47.43:014][375]LogShaders: 		13 Shaders among 1 VertexFactories
[2020.02.20-15.47.43:023][375]LogMaterial: Display: Missing cached shader map for material m6, compiling. 
[2020.02.20-15.47.43:026][375]LogShaders: Display: 	Compiling m6: Platform=PCD3D_SM5, Usage=LightingModel=MSM_DefaultLit, BlendMode=BLEND_Opaque, SpecialEngine=0, TwoSided=0, TSNormal=1, Masked=0, Distorted=0, WritesEveryPixel=1, ModifiesMeshPosition=0, Usage={}, StaticMaterialLayers=
[2020.02.20-15.47.43:061][375]LogShaders: 		24 Shaders among 2 VertexFactories
[2020.02.20-15.47.43:239][375]LogSlate: Warning: Legacy localized fallback font '../../../Engine/Content/Slate/Fonts/DroidSansFallback.ttf' was requested. Font: '/Engine/EngineFonts/Faces/RobotoRegular.RobotoRegular', Character: '着 (U+7740)'
Legacy localized fallback fonts were deprecated in 4.22 and will be removed in a future version!
Please update your composite fonts to use localized sub-font families: https://docs.unrealengine.com/en-US/Engine/UMG/UserGuide/Fonts/Overview
[2020.02.20-15.47.44:770][455]LogStreaming: Display: Flushing async loaders.
[2020.02.20-15.47.45:012][455]LogMaterial: Display: Missing cached shader map for material m3, compiling. 
[2020.02.20-15.47.45:015][455]LogShaders: Display: 	Compiling m3: Platform=PCD3D_SM5, Usage=LightingModel=MSM_DefaultLit, BlendMode=BLEND_Opaque, SpecialEngine=0, TwoSided=0, TSNormal=1, Masked=0, Distorted=0, WritesEveryPixel=1, ModifiesMeshPosition=0, Usage={}, StaticMaterialLayers=
[2020.02.20-15.47.45:036][455]LogShaders: 		13 Shaders among 1 VertexFactories
[2020.02.20-15.47.45:044][455]LogMaterial: Display: Missing cached shader map for material m3, compiling. 
[2020.02.20-15.47.45:047][455]LogShaders: Display: 	Compiling m3: Platform=PCD3D_SM5, Usage=LightingModel=MSM_DefaultLit, BlendMode=BLEND_Opaque, SpecialEngine=0, TwoSided=0, TSNormal=1, Masked=0, Distorted=0, WritesEveryPixel=1, ModifiesMeshPosition=0, Usage={}, StaticMaterialLayers=
[2020.02.20-15.47.45:157][455]LogShaders: 		24 Shaders among 2 VertexFactories
[2020.02.20-15.47.45:414][455]LogMaterial: Display: Missing cached shader map for material m3, compiling. 
[2020.02.20-15.47.45:417][455]LogShaders: Display: 	Compiling m3: Platform=PCD3D_SM5, Usage=LightingModel=MSM_DefaultLit, BlendMode=BLEND_Opaque, SpecialEngine=0, TwoSided=0, TSNormal=1, Masked=0, Distorted=0, WritesEveryPixel=1, ModifiesMeshPosition=0, Usage={}, StaticMaterialLayers=
[2020.02.20-15.47.45:437][455]LogShaders: 		13 Shaders among 1 VertexFactories
[2020.02.20-15.47.45:445][455]LogMaterial: Display: Missing cached shader map for material m3, compiling. 
[2020.02.20-15.47.45:448][455]LogShaders: Display: 	Compiling m3: Platform=PCD3D_SM5, Usage=LightingModel=MSM_DefaultLit, BlendMode=BLEND_Opaque, SpecialEngine=0, TwoSided=0, TSNormal=1, Masked=0, Distorted=0, WritesEveryPixel=1, ModifiesMeshPosition=0, Usage={}, StaticMaterialLayers=
[2020.02.20-15.47.45:484][455]LogShaders: 		24 Shaders among 2 VertexFactories
[2020.02.20-15.47.45:676][455]LogMaterial: Display: Missing cached shader map for material m2, compiling. 
[2020.02.20-15.47.45:679][455]LogShaders: Display: 	Compiling m2: Platform=PCD3D_SM5, Usage=LightingModel=MSM_DefaultLit, BlendMode=BLEND_Opaque, SpecialEngine=0, TwoSided=0, TSNormal=1, Masked=0, Distorted=0, WritesEveryPixel=1, ModifiesMeshPosition=0, Usage={}, StaticMaterialLayers=
[2020.02.20-15.47.45:698][455]LogShaders: 		13 Shaders among 1 VertexFactories
[2020.02.20-15.47.45:706][455]LogMaterial: Display: Missing cached shader map for material m2, compiling. 
[2020.02.20-15.47.45:710][455]LogShaders: Display: 	Compiling m2: Platform=PCD3D_SM5, Usage=LightingModel=MSM_DefaultLit, BlendMode=BLEND_Opaque, SpecialEngine=0, TwoSided=0, TSNormal=1, Masked=0, Distorted=0, WritesEveryPixel=1, ModifiesMeshPosition=0, Usage={}, StaticMaterialLayers=
[2020.02.20-15.47.45:743][455]LogShaders: 		24 Shaders among 2 VertexFactories
[2020.02.20-15.47.45:890][455]LogShaders: Completed 1 async shader maps, 0 more pending, 17 being compiled
[2020.02.20-15.47.46:247][456]LogUObjectHash: Compacting FUObjectHashTables data took  13.86ms
[2020.02.20-15.47.46:283][457]LogShaderCompilers: Display: Shaders left to compile 260
[2020.02.20-15.47.46:304][457]LogShaders: Completed 1 async shader maps, 0 more pending, 16 being compiled
[2020.02.20-15.47.47:644][512]LogShaderCompilers: Display: Shaders left to compile 250
[2020.02.20-15.47.47:664][512]LogShaders: Completed 1 async shader maps, 0 more pending, 15 being compiled
[2020.02.20-15.47.47:745][515]LogStreaming: Display: Flushing async loaders.
[2020.02.20-15.47.47:955][515]LogShaderCompilers: Display: Shaders left to compile 240
[2020.02.20-15.47.47:955][515]LogMaterial: Display: Missing cached shader map for material m2, compiling. 
[2020.02.20-15.47.47:958][515]LogShaders: Display: 	Compiling m2: Platform=PCD3D_SM5, Usage=LightingModel=MSM_DefaultLit, BlendMode=BLEND_Opaque, SpecialEngine=0, TwoSided=0, TSNormal=1, Masked=0, Distorted=0, WritesEveryPixel=1, ModifiesMeshPosition=0, Usage={}, StaticMaterialLayers=
[2020.02.20-15.47.47:979][515]LogShaders: 		13 Shaders among 1 VertexFactories
[2020.02.20-15.47.47:986][515]LogMaterial: Display: Missing cached shader map for material m2, compiling. 
[2020.02.20-15.47.47:990][515]LogShaders: Display: 	Compiling m2: Platform=PCD3D_SM5, Usage=LightingModel=MSM_DefaultLit, BlendMode=BLEND_Opaque, SpecialEngine=0, TwoSided=0, TSNormal=1, Masked=0, Distorted=0, WritesEveryPixel=1, ModifiesMeshPosition=0, Usage={}, StaticMaterialLayers=
[2020.02.20-15.47.48:022][515]LogShaders: 		24 Shaders among 2 VertexFactories
[2020.02.20-15.47.48:165][515]LogMaterial: Display: Missing cached shader map for material m3, compiling. 
[2020.02.20-15.47.48:168][515]LogShaders: Display: 	Compiling m3: Platform=PCD3D_SM5, Usage=LightingModel=MSM_DefaultLit, BlendMode=BLEND_Opaque, SpecialEngine=0, TwoSided=0, TSNormal=1, Masked=0, Distorted=0, WritesEveryPixel=1, ModifiesMeshPosition=0, Usage={}, StaticMaterialLayers=
[2020.02.20-15.47.48:189][515]LogShaders: 		13 Shaders among 1 VertexFactories
[2020.02.20-15.47.48:197][515]LogMaterial: Display: Missing cached shader map for material m3, compiling. 
[2020.02.20-15.47.48:200][515]LogShaders: Display: 	Compiling m3: Platform=PCD3D_SM5, Usage=LightingModel=MSM_DefaultLit, BlendMode=BLEND_Opaque, SpecialEngine=0, TwoSided=0, TSNormal=1, Masked=0, Distorted=0, WritesEveryPixel=1, ModifiesMeshPosition=0, Usage={}, StaticMaterialLayers=
[2020.02.20-15.47.48:231][515]LogShaders: 		24 Shaders among 2 VertexFactories
[2020.02.20-15.47.48:494][519]LogShaders: Completed 1 async shader maps, 0 more pending, 18 being compiled
[2020.02.20-15.47.49:162][545]LogStreaming: Display: Flushing async loaders.
[2020.02.20-15.47.50:402][545]LogMaterial: Display: Missing cached shader map for material m4, compiling. 
[2020.02.20-15.47.50:405][545]LogShaders: Display: 	Compiling m4: Platform=PCD3D_SM5, Usage=LightingModel=MSM_DefaultLit, BlendMode=BLEND_Opaque, SpecialEngine=0, TwoSided=0, TSNormal=1, Masked=0, Distorted=0, WritesEveryPixel=1, ModifiesMeshPosition=0, Usage={}, StaticMaterialLayers=
[2020.02.20-15.47.50:426][545]LogShaders: 		13 Shaders among 1 VertexFactories
[2020.02.20-15.47.50:434][545]LogMaterial: Display: Missing cached shader map for material m4, compiling. 
[2020.02.20-15.47.50:437][545]LogShaders: Display: 	Compiling m4: Platform=PCD3D_SM5, Usage=LightingModel=MSM_DefaultLit, BlendMode=BLEND_Opaque, SpecialEngine=0, TwoSided=0, TSNormal=1, Masked=0, Distorted=0, WritesEveryPixel=1, ModifiesMeshPosition=0, Usage={}, StaticMaterialLayers=
[2020.02.20-15.47.50:468][545]LogShaders: 		24 Shaders among 2 VertexFactories
[2020.02.20-15.47.50:667][545]LogMaterial: Display: Missing cached shader map for material m5, compiling. 
[2020.02.20-15.47.50:670][545]LogShaders: Display: 	Compiling m5: Platform=PCD3D_SM5, Usage=LightingModel=MSM_DefaultLit, BlendMode=BLEND_Opaque, SpecialEngine=0, TwoSided=0, TSNormal=1, Masked=0, Distorted=0, WritesEveryPixel=1, ModifiesMeshPosition=0, Usage={}, StaticMaterialLayers=
[2020.02.20-15.47.50:691][545]LogShaders: 		13 Shaders among 1 VertexFactories
[2020.02.20-15.47.50:698][545]LogMaterial: Display: Missing cached shader map for material m5, compiling. 
[2020.02.20-15.47.50:701][545]LogShaders: Display: 	Compiling m5: Platform=PCD3D_SM5, Usage=LightingModel=MSM_DefaultLit, BlendMode=BLEND_Opaque, SpecialEngine=0, TwoSided=0, TSNormal=1, Masked=0, Distorted=0, WritesEveryPixel=1, ModifiesMeshPosition=0, Usage={}, StaticMaterialLayers=
[2020.02.20-15.47.50:733][545]LogShaders: 		24 Shaders among 2 VertexFactories
[2020.02.20-15.47.50:926][545]LogMaterial: Display: Missing cached shader map for material m6, compiling. 
[2020.02.20-15.47.50:930][545]LogShaders: Display: 	Compiling m6: Platform=PCD3D_SM5, Usage=LightingModel=MSM_DefaultLit, BlendMode=BLEND_Opaque, SpecialEngine=0, TwoSided=0, TSNormal=1, Masked=0, Distorted=0, WritesEveryPixel=1, ModifiesMeshPosition=0, Usage={}, StaticMaterialLayers=
[2020.02.20-15.47.50:950][545]LogShaders: 		13 Shaders among 1 VertexFactories
[2020.02.20-15.47.50:958][545]LogMaterial: Display: Missing cached shader map for material m6, compiling. 
[2020.02.20-15.47.50:960][545]LogShaders: Display: 	Compiling m6: Platform=PCD3D_SM5, Usage=LightingModel=MSM_DefaultLit, BlendMode=BLEND_Opaque, SpecialEngine=0, TwoSided=0, TSNormal=1, Masked=0, Distorted=0, WritesEveryPixel=1, ModifiesMeshPosition=0, Usage={}, StaticMaterialLayers=
[2020.02.20-15.47.50:991][545]LogShaders: 		24 Shaders among 2 VertexFactories
[2020.02.20-15.47.51:758][545]LogMaterial: Display: Missing cached shader map for material m5, compiling. 
[2020.02.20-15.47.51:761][545]LogShaders: Display: 	Compiling m5: Platform=PCD3D_SM5, Usage=LightingModel=MSM_DefaultLit, BlendMode=BLEND_Opaque, SpecialEngine=0, TwoSided=0, TSNormal=1, Masked=0, Distorted=0, WritesEveryPixel=1, ModifiesMeshPosition=0, Usage={}, StaticMaterialLayers=
[2020.02.20-15.47.51:782][545]LogShaders: 		13 Shaders among 1 VertexFactories
[2020.02.20-15.47.51:791][545]LogMaterial: Display: Missing cached shader map for material m5, compiling. 
[2020.02.20-15.47.51:794][545]LogShaders: Display: 	Compiling m5: Platform=PCD3D_SM5, Usage=LightingModel=MSM_DefaultLit, BlendMode=BLEND_Opaque, SpecialEngine=0, TwoSided=0, TSNormal=1, Masked=0, Distorted=0, WritesEveryPixel=1, ModifiesMeshPosition=0, Usage={}, StaticMaterialLayers=
[2020.02.20-15.47.51:830][545]LogShaders: 		24 Shaders among 2 VertexFactories
[2020.02.20-15.47.52:022][545]LogMaterial: Display: Missing cached shader map for material m4, compiling. 
[2020.02.20-15.47.52:025][545]LogShaders: Display: 	Compiling m4: Platform=PCD3D_SM5, Usage=LightingModel=MSM_DefaultLit, BlendMode=BLEND_Opaque, SpecialEngine=0, TwoSided=0, TSNormal=1, Masked=0, Distorted=0, WritesEveryPixel=1, ModifiesMeshPosition=0, Usage={}, StaticMaterialLayers=
[2020.02.20-15.47.52:048][545]LogShaders: 		13 Shaders among 1 VertexFactories
[2020.02.20-15.47.52:056][545]LogMaterial: Display: Missing cached shader map for material m4, compiling. 
[2020.02.20-15.47.52:059][545]LogShaders: Display: 	Compiling m4: Platform=PCD3D_SM5, Usage=LightingModel=MSM_DefaultLit, BlendMode=BLEND_Opaque, SpecialEngine=0, TwoSided=0, TSNormal=1, Masked=0, Distorted=0, WritesEveryPixel=1, ModifiesMeshPosition=0, Usage={}, StaticMaterialLayers=
[2020.02.20-15.47.52:095][545]LogShaders: 		24 Shaders among 2 VertexFactories
[2020.02.20-15.47.52:268][545]LogMaterial: Display: Missing cached shader map for material m6, compiling. 
[2020.02.20-15.47.52:272][545]LogShaders: Display: 	Compiling m6: Platform=PCD3D_SM5, Usage=LightingModel=MSM_DefaultLit, BlendMode=BLEND_Opaque, SpecialEngine=0, TwoSided=0, TSNormal=1, Masked=0, Distorted=0, WritesEveryPixel=1, ModifiesMeshPosition=0, Usage={}, StaticMaterialLayers=
[2020.02.20-15.47.52:293][545]LogShaders: 		13 Shaders among 1 VertexFactories
[2020.02.20-15.47.52:302][545]LogMaterial: Display: Missing cached shader map for material m6, compiling. 
[2020.02.20-15.47.52:304][545]LogShaders: Display: 	Compiling m6: Platform=PCD3D_SM5, Usage=LightingModel=MSM_DefaultLit, BlendMode=BLEND_Opaque, SpecialEngine=0, TwoSided=0, TSNormal=1, Masked=0, Distorted=0, WritesEveryPixel=1, ModifiesMeshPosition=0, Usage={}, StaticMaterialLayers=
[2020.02.20-15.47.52:339][545]LogShaders: 		24 Shaders among 2 VertexFactories
[2020.02.20-15.47.52:569][545]LogShaders: Completed 3 async shader maps, 0 more pending, 27 being compiled
[2020.02.20-15.47.53:173][546]LogUObjectHash: Compacting FUObjectHashTables data took  12.45ms
[2020.02.20-15.47.53:224][546]LogShaders: Completed 2 async shader maps, 0 more pending, 25 being compiled
[2020.02.20-15.47.54:750][601]LogUObjectHash: Compacting FUObjectHashTables data took  13.45ms
[2020.02.20-15.47.54:871][605]LogStreaming: Display: Flushing async loaders.
[2020.02.20-15.47.55:491][606]LogShaders: Completed 1 async shader maps, 0 more pending, 24 being compiled
[2020.02.20-15.47.55:588][609]LogShaders: Completed 1 async shader maps, 0 more pending, 23 being compiled
[2020.02.20-15.47.56:130][630]LogStreaming: Display: Flushing async loaders.
[2020.02.20-15.47.56:872][636]LogUObjectHash: Compacting FUObjectHashTables data took   3.94ms
[2020.02.20-15.47.56:997][640]LogStreaming: Display: Flushing async loaders.
[2020.02.20-15.47.58:034][640]LogShaders: Completed 1 async shader maps, 0 more pending, 22 being compiled
[2020.02.20-15.47.58:106][641]LogShaders: Completed 1 async shader maps, 0 more pending, 21 being compiled
[2020.02.20-15.47.58:608][656]LogUObjectHash: Compacting FUObjectHashTables data took   4.07ms
[2020.02.20-15.47.59:216][670]LogStreaming: Display: Flushing async loaders.
[2020.02.20-15.48.00:297][670]LogShaders: Completed 2 async shader maps, 0 more pending, 19 being compiled
[2020.02.20-15.48.00:553][671]LogSlate: FSceneViewport::OnFocusLost() reason 2
[2020.02.20-15.48.00:654][671]LogUObjectHash: Compacting FUObjectHashTables data took  13.71ms
[2020.02.20-15.48.02:457][734]LogShaders: Completed 1 async shader maps, 0 more pending, 18 being compiled
[2020.02.20-15.48.02:546][737]LogShaders: Completed 1 async shader maps, 0 more pending, 17 being compiled
[2020.02.20-15.48.04:130][793]LogShaders: Completed 1 async shader maps, 0 more pending, 16 being compiled
[2020.02.20-15.48.04:942][818]LogShaders: Completed 1 async shader maps, 0 more pending, 15 being compiled
[2020.02.20-15.48.06:633][876]LogShaders: Completed 1 async shader maps, 0 more pending, 14 being compiled
[2020.02.20-15.48.07:753][924]LogShaders: Completed 1 async shader maps, 0 more pending, 13 being compiled
[2020.02.20-15.48.10:027][999]LogShaders: Completed 1 async shader maps, 0 more pending, 12 being compiled
[2020.02.20-15.48.10:148][  1]LogShaders: Completed 1 async shader maps, 0 more pending, 11 being compiled
[2020.02.20-15.48.12:147][ 67]LogShaders: Completed 1 async shader maps, 0 more pending, 10 being compiled
[2020.02.20-15.48.12:580][ 80]LogShaders: Completed 1 async shader maps, 0 more pending, 9 being compiled
[2020.02.20-15.48.13:748][119]LogShaders: Completed 1 async shader maps, 0 more pending, 8 being compiled
[2020.02.20-15.48.14:684][151]LogShaders: Completed 1 async shader maps, 0 more pending, 7 being compiled
[2020.02.20-15.48.16:269][206]LogShaders: Completed 1 async shader maps, 0 more pending, 6 being compiled
[2020.02.20-15.48.16:850][226]LogShaders: Completed 1 async shader maps, 0 more pending, 5 being compiled
[2020.02.20-15.48.18:363][282]LogShaders: Completed 1 async shader maps, 0 more pending, 4 being compiled
[2020.02.20-15.48.19:792][330]LogShaders: Completed 1 async shader maps, 0 more pending, 3 being compiled
[2020.02.20-15.48.20:837][362]LogShaders: Completed 1 async shader maps, 0 more pending, 2 being compiled
[2020.02.20-15.48.22:298][417]LogShaders: Completed 1 async shader maps, 0 more pending, 1 being compiled
[2020.02.20-15.48.22:721][421]LogShaders: Completed 1 async shader maps, 0 more pending, 0 being compiled
[2020.02.21-05.03.31:208][175]LogStreaming: Display: Flushing async loaders.
[2020.02.21-05.03.33:552][176]LogSlate: FSceneViewport::OnFocusLost() reason 2
[2020.02.21-05.03.33:632][176]LogUObjectHash: Compacting FUObjectHashTables data took   9.11ms
[2020.02.21-05.03.35:763][280]LogBlueprintUserMessages: Early EndPlayMap Detection: Level '/Game/StarterContent/Maps/Minimal_Default.Minimal_Default:PersistentLevel' has LevelScriptBlueprint '/Game/StarterContent/Maps/Minimal_Default.Minimal_Default:PersistentLevel.Minimal_Default' with GeneratedClass '/Game/StarterContent/Maps/Minimal_Default.Minimal_Default_C' with ClassGeneratedBy '/Game/StarterContent/Maps/Minimal_Default.Minimal_Default:PersistentLevel.Minimal_Default'
[2020.02.21-05.03.35:764][280]LogSlate: Updating window title bar state: overlay mode, drag disabled, window buttons hidden, title bar hidden
[2020.02.21-05.03.35:802][280]LogPlayLevel: Display: Shutting down PIE online subsystems
[2020.02.21-05.03.35:803][280]LogBlueprintUserMessages: Late EndPlayMap Detection: Level '/Game/StarterContent/Maps/Minimal_Default.Minimal_Default:PersistentLevel' has LevelScriptBlueprint '/Game/StarterContent/Maps/Minimal_Default.Minimal_Default:PersistentLevel.Minimal_Default' with GeneratedClass '/Game/StarterContent/Maps/Minimal_Default.Minimal_Default_C' with ClassGeneratedBy '/Game/StarterContent/Maps/Minimal_Default.Minimal_Default:PersistentLevel.Minimal_Default'
[2020.02.21-05.03.35:872][280]LogSlate: Updating window title bar state: overlay mode, drag disabled, window buttons hidden, title bar hidden
[2020.02.21-05.03.35:908][280]LogUObjectHash: Compacting FUObjectHashTables data took   8.29ms
[2020.02.21-05.03.35:958][281]LogPlayLevel: Display: Destroying online subsystem :Context_3
[2020.02.21-05.03.36:024][281]LogUObjectHash: Compacting FUObjectHashTables data took   2.51ms
[2020.02.21-05.13.21:560][759]LogSlate: Took 0.004358 seconds to synchronously load lazily loaded font '../../../Engine/Content/Slate/Fonts/Roboto-Light.ttf' (167K)
