Log file open, 02/21/20 14:04:30
LogWindows: Failed to load 'aqProf.dll' (GetLastError=126)
LogWindows: File 'aqProf.dll' does not exist
LogWindows: Failed to load 'VtuneApi.dll' (GetLastError=126)
LogWindows: File 'VtuneApi.dll' does not exist
LogWindows: Failed to load 'VtuneApi32e.dll' (GetLastError=126)
LogWindows: File 'VtuneApi32e.dll' does not exist
LogConsoleResponse: Display: Failed to find resolution value strings in scalability ini. Falling back to default.
LogInit: Display: Running engine for game: Design3D
LogPakFile: Registered encryption key '00000000000000000000000000000000': 0 pak files mounted, 0 remain pending
LogPlatformFile: Not using cached read wrapper
LogTaskGraph: Started task graph with 5 named threads and 23 total threads with 3 sets of task threads.
LogStats: Stats thread started at 0.875083
LogD3D11RHI: Loaded GFSDK_Aftermath_Lib.x64.dll
LogICUInternationalization: ICU TimeZone Detection - Raw Offset: +8:00, Platform Override: ''
LogPluginManager: Mounting plugin Paper2D
LogPluginManager: Mounting plugin AISupport
LogPluginManager: Mounting plugin LightPropagationVolume
LogPluginManager: Mounting plugin ActorLayerUtilities
LogPluginManager: Mounting plugin AnimationSharing
LogPluginManager: Mounting plugin CLionSourceCodeAccess
LogPluginManager: Mounting plugin CodeLiteSourceCodeAccess
LogPluginManager: Mounting plugin GitSourceControl
LogPluginManager: Mounting plugin KDevelopSourceCodeAccess
LogPluginManager: Mounting plugin NullSourceCodeAccess
LogPluginManager: Mounting plugin PerforceSourceControl
LogPluginManager: Mounting plugin SubversionSourceControl
LogPluginManager: Mounting plugin UObjectPlugin
LogPluginManager: Mounting plugin VisualStudioCodeSourceCodeAccess
LogPluginManager: Mounting plugin VisualStudioSourceCodeAccess
LogPluginManager: Mounting plugin XCodeSourceCodeAccess
LogPluginManager: Mounting plugin AssetManagerEditor
LogPluginManager: Mounting plugin CryptoKeys
LogPluginManager: Mounting plugin DataValidation
LogPluginManager: Mounting plugin FacialAnimation
LogPluginManager: Mounting plugin GameplayTagsEditor
LogPluginManager: Mounting plugin MacGraphicsSwitching
LogPluginManager: Mounting plugin MaterialAnalyzer
LogPluginManager: Mounting plugin MobileLauncherProfileWizard
LogPluginManager: Mounting plugin PluginBrowser
LogPluginManager: Mounting plugin SpeedTreeImporter
LogPluginManager: Mounting plugin DatasmithContent
LogPluginManager: Mounting plugin VariantManagerContent
LogPluginManager: Mounting plugin AlembicImporter
LogPluginManager: Mounting plugin AppleImageUtils
LogPluginManager: Mounting plugin AppleVision
LogPluginManager: Mounting plugin BackChannel
LogPluginManager: Mounting plugin CharacterAI
LogPluginManager: Mounting plugin GeometryCache
LogPluginManager: Mounting plugin HTML5Networking
LogPluginManager: Mounting plugin ProxyLODPlugin
LogPluginManager: Mounting plugin SkeletalReduction
LogPluginManager: Mounting plugin MagicLeap
LogPluginManager: Mounting plugin MagicLeapMedia
LogPluginManager: Mounting plugin AndroidMedia
LogPluginManager: Mounting plugin AvfMedia
LogPluginManager: Mounting plugin ImgMedia
LogPluginManager: Mounting plugin LinearTimecode
LogPluginManager: Mounting plugin MediaCompositing
LogPluginManager: Mounting plugin MediaPlayerEditor
LogPluginManager: Mounting plugin WebMMedia
LogPluginManager: Mounting plugin WmfMedia
LogPluginManager: Mounting plugin TcpMessaging
LogPluginManager: Mounting plugin UdpMessaging
LogPluginManager: Mounting plugin ActorSequence
LogPluginManager: Mounting plugin LevelSequenceEditor
LogPluginManager: Mounting plugin MatineeToLevelSequence
LogPluginManager: Mounting plugin NetcodeUnitTest
LogPluginManager: Mounting plugin NUTUnrealEngine4
LogPluginManager: Mounting plugin OnlineSubsystemGooglePlay
LogPluginManager: Mounting plugin OnlineSubsystemIOS
LogPluginManager: Mounting plugin OnlineSubsystem
LogPluginManager: Mounting plugin OnlineSubsystemNull
LogPluginManager: Mounting plugin OnlineSubsystemUtils
LogPluginManager: Mounting plugin LauncherChunkInstaller
LogPluginManager: Mounting plugin AndroidDeviceProfileSelector
LogPluginManager: Mounting plugin AndroidMoviePlayer
LogPluginManager: Mounting plugin AndroidPermission
LogPluginManager: Mounting plugin ApexDestruction
LogPluginManager: Mounting plugin AppleMoviePlayer
LogPluginManager: Mounting plugin ArchVisCharacter
LogPluginManager: Mounting plugin AudioCapture
LogPluginManager: Mounting plugin CableComponent
LogPluginManager: Mounting plugin CustomMeshComponent
LogPluginManager: Mounting plugin EditableMesh
LogPluginManager: Mounting plugin ExampleDeviceProfileSelector
LogPluginManager: Mounting plugin Firebase
LogPluginManager: Mounting plugin GoogleCloudMessaging
LogPluginManager: Mounting plugin IOSDeviceProfileSelector
LogPluginManager: Mounting plugin LinuxDeviceProfileSelector
LogPluginManager: Mounting plugin LocationServicesBPLibrary
LogPluginManager: Mounting plugin MobilePatchingUtils
LogPluginManager: Mounting plugin OculusVR
LogPluginManager: Mounting plugin PhysXVehicles
LogPluginManager: Mounting plugin ProceduralMeshComponent
LogPluginManager: Mounting plugin RuntimePhysXCooking
LogPluginManager: Mounting plugin SignificanceManager
LogPluginManager: Mounting plugin SteamVR
LogPluginManager: Mounting plugin WebMMoviePlayer
LogPluginManager: Mounting plugin WindowsMoviePlayer
LogPluginManager: Mounting plugin MyPlugin
LogPluginManager: Mounting plugin RuntimeMeshComponent
LogInit: Using libcurl 7.55.1-DEV
LogInit:  - built for x86_64-pc-win32
LogInit:  - supports SSL with OpenSSL/1.1.1
LogInit:  - supports HTTP deflate (compression) using libz 1.2.8
LogInit:  - other features:
LogInit:      CURL_VERSION_SSL
LogInit:      CURL_VERSION_LIBZ
LogInit:      CURL_VERSION_IPV6
LogInit:      CURL_VERSION_ASYNCHDNS
LogInit:      CURL_VERSION_LARGEFILE
LogInit:      CURL_VERSION_IDN
LogInit:  CurlRequestOptions (configurable via config and command line):
LogInit:  - bVerifyPeer = true  - Libcurl will verify peer certificate
LogInit:  - bUseHttpProxy = false  - Libcurl will NOT use HTTP proxy
LogInit:  - bDontReuseConnections = false  - Libcurl will reuse connections
LogInit:  - MaxHostConnections = 16  - Libcurl will limit the number of connections to a host
LogInit:  - LocalHostAddr = Default
LogInit:  - BufferSize = 65536
LogInit: WinSock: version 1.1 (2.2), MaxSocks=32767, MaxUdp=65467
LogInit: Build: ++UE4+Release-4.22-CL-0
LogInit: Engine Version: 4.22.2-0+++UE4+Release-4.22
LogInit: Compatible Engine Version: 4.22.0-0+++UE4+Release-4.22
LogInit: Net CL: 0
LogInit: OS: Windows 10 (Release 1903) (), CPU: Intel(R) Core(TM) i7-7700 CPU @ 3.60GHz, GPU: NVIDIA GeForce GTX 1050 Ti
LogInit: Compiled (64-bit): Oct 24 2019 20:52:35
LogInit: Compiled with Visual C++: 19.16.27034.00
LogInit: Build Configuration: Debug
LogInit: Branch Name: ++UE4+Release-4.22
LogInit: Command Line:  -skipcompile
LogInit: Base Directory: D:/Github/UnrealEngine4/Engine/Binaries/Win64/
LogInit: Installed Engine Build: 0
LogDevObjectVersion: Number of dev versions registered: 23
LogDevObjectVersion:   Dev-Blueprints (B0D832E4-1F89-4F0D-ACCF-7EB736FD4AA2): 10
LogDevObjectVersion:   Dev-Build (E1C64328-A22C-4D53-A36C-8E866417BD8C): 0
LogDevObjectVersion:   Dev-Core (375EC13C-06E4-48FB-B500-84F0262A717E): 3
LogDevObjectVersion:   Dev-Editor (E4B068ED-F494-42E9-A231-DA0B2E46BB41): 30
LogDevObjectVersion:   Dev-Framework (CFFC743F-43B0-4480-9391-14DF171D2073): 35
LogDevObjectVersion:   Dev-Mobile (B02B49B5-BB20-44E9-A304-32B752E40360): 2
LogDevObjectVersion:   Dev-Networking (A4E4105C-59A1-49B5-A7C5-40C4547EDFEE): 0
LogDevObjectVersion:   Dev-Online (39C831C9-5AE6-47DC-9A44-9C173E1C8E7C): 0
LogDevObjectVersion:   Dev-Physics (78F01B33-EBEA-4F98-B9B4-84EACCB95AA2): 0
LogDevObjectVersion:   Dev-Platform (6631380F-2D4D-43E0-8009-CF276956A95A): 0
LogDevObjectVersion:   Dev-Rendering (12F88B9F-8875-4AFC-A67C-D90C383ABD29): 28
LogDevObjectVersion:   Dev-Sequencer (7B5AE74C-D270-4C10-A958-57980B212A5A): 11
LogDevObjectVersion:   Dev-VR (D7296918-1DD6-4BDD-9DE2-64A83CC13884): 2
LogDevObjectVersion:   Dev-LoadTimes (C2A15278-BFE7-4AFE-6C17-90FF531DF755): 1
LogDevObjectVersion:   Private-Geometry (6EACA3D4-40EC-4CC1-B786-8BED09428FC5): 3
LogDevObjectVersion:   Dev-AnimPhys (29E575DD-E0A3-4627-9D10-D276232CDCEA): 17
LogDevObjectVersion:   Dev-Anim (AF43A65D-7FD3-4947-9873-3E8ED9C1BB05): 2
LogDevObjectVersion:   Dev-ReflectionCapture (6B266CEC-1EC7-4B8F-A30B-E4D90942FC07): 1
LogDevObjectVersion:   Dev-Automation (0DF73D61-A23F-47EA-B727-89E90C41499A): 1
LogDevObjectVersion:   FortniteMain (601D1886-AC64-4F84-AA16-D3DE0DEAC7D6): 25
LogDevObjectVersion:   Dev-Enterprise (9DFFBCD6-494F-0158-E221-12823C92A888): 6
LogDevObjectVersion:   Dev-Niagara (F2AED0AC-9AFE-416F-8664-AA7FFA26D6FC): 1
LogDevObjectVersion:   Dev-Destruction (174F1F0B-B4C6-45A5-B13F-2EE8D0FB917D): 2
LogInit: Presizing for max 16777216 objects, including 0 objects not considered by GC, pre-allocating 0 bytes for permanent pool.
LogInit: Object subsystem initialized
LogConfig: Setting CVar [[con.DebugEarlyDefault:1]]
LogConfig: Setting CVar [[r.setres:1280x720]]
[2020.02.21-06.04.32:464][  0]LogConfig: Setting CVar [[r.VSync:0]]
[2020.02.21-06.04.32:464][  0]LogConfig: Setting CVar [[r.RHICmdBypass:0]]
[2020.02.21-06.04.32:464][  0]LogConfig: Applying CVar settings from Section [/Script/Engine.RendererSettings] File [D:/Github/master_szu/ue4_project/Design3D/Saved/Config/Windows/Engine.ini]
[2020.02.21-06.04.32:464][  0]LogConfig: Setting CVar [[r.GPUCrashDebugging:0]]
[2020.02.21-06.04.32:464][  0]LogConfig: Setting CVar [[r.DefaultFeature.AutoExposure.ExtendDefaultLuminanceRange:1]]
[2020.02.21-06.04.32:464][  0]LogConfig: Setting CVar [[r.AllowStaticLighting:0]]
[2020.02.21-06.04.32:464][  0]LogConfig: Applying CVar settings from Section [/Script/Engine.RendererOverrideSettings] File [D:/Github/master_szu/ue4_project/Design3D/Saved/Config/Windows/Engine.ini]
[2020.02.21-06.04.32:464][  0]LogConfig: Applying CVar settings from Section [/Script/Engine.StreamingSettings] File [D:/Github/master_szu/ue4_project/Design3D/Saved/Config/Windows/Engine.ini]
[2020.02.21-06.04.32:465][  0]LogConfig: Setting CVar [[s.MinBulkDataSizeForAsyncLoading:131072]]
[2020.02.21-06.04.32:465][  0]LogConfig: Setting CVar [[s.AsyncLoadingThreadEnabled:0]]
[2020.02.21-06.04.32:465][  0]LogConfig: Setting CVar [[s.EventDrivenLoaderEnabled:1]]
[2020.02.21-06.04.32:465][  0]LogConfig: Setting CVar [[s.WarnIfTimeLimitExceeded:0]]
[2020.02.21-06.04.32:465][  0]LogConfig: Setting CVar [[s.TimeLimitExceededMultiplier:1.5]]
[2020.02.21-06.04.32:465][  0]LogConfig: Setting CVar [[s.TimeLimitExceededMinTime:0.005]]
[2020.02.21-06.04.32:465][  0]LogConfig: Setting CVar [[s.UseBackgroundLevelStreaming:1]]
[2020.02.21-06.04.32:465][  0]LogConfig: Setting CVar [[s.PriorityAsyncLoadingExtraTime:15.0]]
[2020.02.21-06.04.32:465][  0]LogConfig: Setting CVar [[s.LevelStreamingActorsUpdateTimeLimit:5.0]]
[2020.02.21-06.04.32:465][  0]LogConfig: Setting CVar [[s.PriorityLevelStreamingActorsUpdateExtraTime:5.0]]
[2020.02.21-06.04.32:465][  0]LogConfig: Setting CVar [[s.LevelStreamingComponentsRegistrationGranularity:10]]
[2020.02.21-06.04.32:465][  0]LogConfig: Setting CVar [[s.UnregisterComponentsTimeLimit:1.0]]
[2020.02.21-06.04.32:466][  0]LogConfig: Setting CVar [[s.LevelStreamingComponentsUnregistrationGranularity:5]]
[2020.02.21-06.04.32:466][  0]LogConfig: Applying CVar settings from Section [/Script/Engine.GarbageCollectionSettings] File [D:/Github/master_szu/ue4_project/Design3D/Saved/Config/Windows/Engine.ini]
[2020.02.21-06.04.32:466][  0]LogConfig: Setting CVar [[gc.MaxObjectsNotConsideredByGC:1]]
[2020.02.21-06.04.32:466][  0]LogConfig: Setting CVar [[gc.SizeOfPermanentObjectPool:0]]
[2020.02.21-06.04.32:466][  0]LogConfig: Setting CVar [[gc.FlushStreamingOnGC:0]]
[2020.02.21-06.04.32:466][  0]LogConfig: Setting CVar [[gc.NumRetriesBeforeForcingGC:10]]
[2020.02.21-06.04.32:466][  0]LogConfig: Setting CVar [[gc.AllowParallelGC:1]]
[2020.02.21-06.04.32:467][  0]LogConfig: Setting CVar [[gc.TimeBetweenPurgingPendingKillObjects:61.1]]
[2020.02.21-06.04.32:467][  0]LogConfig: Setting CVar [[gc.MaxObjectsInEditor:16777216]]
[2020.02.21-06.04.32:467][  0]LogConfig: Setting CVar [[gc.IncrementalBeginDestroyEnabled:1]]
[2020.02.21-06.04.32:467][  0]LogConfig: Setting CVar [[gc.CreateGCClusters:1]]
[2020.02.21-06.04.32:467][  0]LogConfig: Setting CVar [[gc.MinGCClusterSize:5]]
[2020.02.21-06.04.32:467][  0]LogConfig: Setting CVar [[gc.ActorClusteringEnabled:0]]
[2020.02.21-06.04.32:467][  0]LogConfig: Setting CVar [[gc.BlueprintClusteringEnabled:0]]
[2020.02.21-06.04.32:467][  0]LogConfig: Setting CVar [[gc.UseDisregardForGCOnDedicatedServers:0]]
[2020.02.21-06.04.32:467][  0]LogConfig: Applying CVar settings from Section [/Script/Engine.NetworkSettings] File [D:/Github/master_szu/ue4_project/Design3D/Saved/Config/Windows/Engine.ini]
[2020.02.21-06.04.32:467][  0]LogConfig: Applying CVar settings from Section [/Script/UnrealEd.CookerSettings] File [D:/Github/master_szu/ue4_project/Design3D/Saved/Config/Windows/Engine.ini]
[2020.02.21-06.04.32:474][  0]LogConfig: Applying CVar settings from Section [ViewDistanceQuality@3] File [D:/Github/master_szu/ue4_project/Design3D/Saved/Config/Windows/Scalability.ini]
[2020.02.21-06.04.32:474][  0]LogConfig: Setting CVar [[r.SkeletalMeshLODBias:0]]
[2020.02.21-06.04.32:474][  0]LogConfig: Setting CVar [[r.ViewDistanceScale:1.0]]
[2020.02.21-06.04.32:475][  0]LogConfig: Applying CVar settings from Section [AntiAliasingQuality@3] File [D:/Github/master_szu/ue4_project/Design3D/Saved/Config/Windows/Scalability.ini]
[2020.02.21-06.04.32:475][  0]LogConfig: Setting CVar [[r.PostProcessAAQuality:4]]
[2020.02.21-06.04.32:475][  0]LogConfig: Applying CVar settings from Section [ShadowQuality@3] File [D:/Github/master_szu/ue4_project/Design3D/Saved/Config/Windows/Scalability.ini]
[2020.02.21-06.04.32:475][  0]LogConfig: Setting CVar [[r.LightFunctionQuality:1]]
[2020.02.21-06.04.32:475][  0]LogConfig: Setting CVar [[r.ShadowQuality:5]]
[2020.02.21-06.04.32:475][  0]LogConfig: Setting CVar [[r.Shadow.CSM.MaxCascades:10]]
[2020.02.21-06.04.32:475][  0]LogConfig: Setting CVar [[r.Shadow.MaxResolution:2048]]
[2020.02.21-06.04.32:475][  0]LogConfig: Setting CVar [[r.Shadow.MaxCSMResolution:2048]]
[2020.02.21-06.04.32:475][  0]LogConfig: Setting CVar [[r.Shadow.RadiusThreshold:0.01]]
[2020.02.21-06.04.32:475][  0]LogConfig: Setting CVar [[r.Shadow.DistanceScale:1.0]]
[2020.02.21-06.04.32:475][  0]LogConfig: Setting CVar [[r.Shadow.CSM.TransitionScale:1.0]]
[2020.02.21-06.04.32:475][  0]LogConfig: Setting CVar [[r.Shadow.PreShadowResolutionFactor:1.0]]
[2020.02.21-06.04.32:475][  0]LogConfig: Setting CVar [[r.DistanceFieldShadowing:1]]
[2020.02.21-06.04.32:475][  0]LogConfig: Setting CVar [[r.DistanceFieldAO:1]]
[2020.02.21-06.04.32:475][  0]LogConfig: Setting CVar [[r.AOQuality:2]]
[2020.02.21-06.04.32:476][  0]LogConfig: Setting CVar [[r.VolumetricFog:1]]
[2020.02.21-06.04.32:476][  0]LogConfig: Setting CVar [[r.VolumetricFog.GridPixelSize:8]]
[2020.02.21-06.04.32:476][  0]LogConfig: Setting CVar [[r.VolumetricFog.GridSizeZ:128]]
[2020.02.21-06.04.32:476][  0]LogConfig: Setting CVar [[r.VolumetricFog.HistoryMissSupersampleCount:4]]
[2020.02.21-06.04.32:476][  0]LogConfig: Setting CVar [[r.LightMaxDrawDistanceScale:1]]
[2020.02.21-06.04.32:476][  0]LogConfig: Setting CVar [[r.CapsuleShadows:1]]
[2020.02.21-06.04.32:476][  0]LogConfig: Applying CVar settings from Section [PostProcessQuality@3] File [D:/Github/master_szu/ue4_project/Design3D/Saved/Config/Windows/Scalability.ini]
[2020.02.21-06.04.32:476][  0]LogConfig: Setting CVar [[r.MotionBlurQuality:4]]
[2020.02.21-06.04.32:476][  0]LogConfig: Setting CVar [[r.AmbientOcclusionMipLevelFactor:0.4]]
[2020.02.21-06.04.32:476][  0]LogConfig: Setting CVar [[r.AmbientOcclusionMaxQuality:100]]
[2020.02.21-06.04.32:476][  0]LogConfig: Setting CVar [[r.AmbientOcclusionLevels:-1]]
[2020.02.21-06.04.32:476][  0]LogConfig: Setting CVar [[r.AmbientOcclusionRadiusScale:1.0]]
[2020.02.21-06.04.32:476][  0]LogConfig: Setting CVar [[r.DepthOfFieldQuality:2]]
[2020.02.21-06.04.32:476][  0]LogConfig: Setting CVar [[r.RenderTargetPoolMin:400]]
[2020.02.21-06.04.32:476][  0]LogConfig: Setting CVar [[r.LensFlareQuality:2]]
[2020.02.21-06.04.32:476][  0]LogConfig: Setting CVar [[r.SceneColorFringeQuality:1]]
[2020.02.21-06.04.32:477][  0]LogConfig: Setting CVar [[r.EyeAdaptationQuality:2]]
[2020.02.21-06.04.32:477][  0]LogConfig: Setting CVar [[r.BloomQuality:5]]
[2020.02.21-06.04.32:477][  0]LogConfig: Setting CVar [[r.FastBlurThreshold:100]]
[2020.02.21-06.04.32:477][  0]LogConfig: Setting CVar [[r.Upscale.Quality:3]]
[2020.02.21-06.04.32:477][  0]LogConfig: Setting CVar [[r.Tonemapper.GrainQuantization:1]]
[2020.02.21-06.04.32:477][  0]LogConfig: Setting CVar [[r.LightShaftQuality:1]]
[2020.02.21-06.04.32:477][  0]LogConfig: Setting CVar [[r.Filter.SizeScale:1]]
[2020.02.21-06.04.32:477][  0]LogConfig: Setting CVar [[r.Tonemapper.Quality:5]]
[2020.02.21-06.04.32:477][  0]LogConfig: Setting CVar [[r.DOF.Gather.AccumulatorQuality:1        ; higher gathering accumulator quality]]
[2020.02.21-06.04.32:477][  0]LogConfig: Setting CVar [[r.DOF.Gather.PostfilterMethod:1          ; Median3x3 postfilering method]]
[2020.02.21-06.04.32:477][  0]LogConfig: Setting CVar [[r.DOF.Gather.EnableBokehSettings:0       ; no bokeh simulation when gathering]]
[2020.02.21-06.04.32:477][  0]LogConfig: Setting CVar [[r.DOF.Gather.RingCount:4                 ; medium number of samples when gathering]]
[2020.02.21-06.04.32:477][  0]LogConfig: Setting CVar [[r.DOF.Scatter.ForegroundCompositing:1    ; additive foreground scattering]]
[2020.02.21-06.04.32:477][  0]LogConfig: Setting CVar [[r.DOF.Scatter.BackgroundCompositing:2    ; additive background scattering]]
[2020.02.21-06.04.32:477][  0]LogConfig: Setting CVar [[r.DOF.Scatter.EnableBokehSettings:1      ; bokeh simulation when scattering]]
[2020.02.21-06.04.32:477][  0]LogConfig: Setting CVar [[r.DOF.Scatter.MaxSpriteRatio:0.1         ; only a maximum of 10% of scattered bokeh]]
[2020.02.21-06.04.32:477][  0]LogConfig: Setting CVar [[r.DOF.Recombine.Quality:1                ; cheap slight out of focus]]
[2020.02.21-06.04.32:477][  0]LogConfig: Setting CVar [[r.DOF.Recombine.EnableBokehSettings:0    ; no bokeh simulation on slight out of focus]]
[2020.02.21-06.04.32:477][  0]LogConfig: Setting CVar [[r.DOF.TemporalAAQuality:1                ; more stable temporal accumulation]]
[2020.02.21-06.04.32:478][  0]LogConfig: Setting CVar [[r.DOF.Kernel.MaxForegroundRadius:0.025]]
[2020.02.21-06.04.32:478][  0]LogConfig: Setting CVar [[r.DOF.Kernel.MaxBackgroundRadius:0.025]]
[2020.02.21-06.04.32:478][  0]LogConfig: Applying CVar settings from Section [TextureQuality@3] File [D:/Github/master_szu/ue4_project/Design3D/Saved/Config/Windows/Scalability.ini]
[2020.02.21-06.04.32:478][  0]LogConfig: Setting CVar [[r.Streaming.MipBias:0]]
[2020.02.21-06.04.32:478][  0]LogConfig: Setting CVar [[r.Streaming.AmortizeCPUToGPUCopy:0]]
[2020.02.21-06.04.32:478][  0]LogConfig: Setting CVar [[r.Streaming.MaxNumTexturesToStreamPerFrame:0]]
[2020.02.21-06.04.32:478][  0]LogConfig: Setting CVar [[r.Streaming.Boost:1]]
[2020.02.21-06.04.32:478][  0]LogConfig: Setting CVar [[r.MaxAnisotropy:8]]
[2020.02.21-06.04.32:478][  0]LogConfig: Setting CVar [[r.Streaming.LimitPoolSizeToVRAM:0]]
[2020.02.21-06.04.32:478][  0]LogConfig: Setting CVar [[r.Streaming.PoolSize:1000]]
[2020.02.21-06.04.32:478][  0]LogConfig: Setting CVar [[r.Streaming.MaxEffectiveScreenSize:0]]
[2020.02.21-06.04.32:478][  0]LogConfig: Applying CVar settings from Section [EffectsQuality@3] File [D:/Github/master_szu/ue4_project/Design3D/Saved/Config/Windows/Scalability.ini]
[2020.02.21-06.04.32:478][  0]LogConfig: Setting CVar [[r.TranslucencyLightingVolumeDim:64]]
[2020.02.21-06.04.32:479][  0]LogConfig: Setting CVar [[r.RefractionQuality:2]]
[2020.02.21-06.04.32:479][  0]LogConfig: Setting CVar [[r.SSR.Quality:3]]
[2020.02.21-06.04.32:479][  0]LogConfig: Setting CVar [[r.SceneColorFormat:4]]
[2020.02.21-06.04.32:479][  0]LogConfig: Setting CVar [[r.DetailMode:2]]
[2020.02.21-06.04.32:479][  0]LogConfig: Setting CVar [[r.TranslucencyVolumeBlur:1]]
[2020.02.21-06.04.32:479][  0]LogConfig: Setting CVar [[r.MaterialQualityLevel:1 ; High quality]]
[2020.02.21-06.04.32:479][  0]LogConfig: Setting CVar [[r.SSS.Scale:1]]
[2020.02.21-06.04.32:479][  0]LogConfig: Setting CVar [[r.SSS.SampleSet:2]]
[2020.02.21-06.04.32:479][  0]LogConfig: Setting CVar [[r.SSS.Quality:1]]
[2020.02.21-06.04.32:479][  0]LogConfig: Setting CVar [[r.SSS.HalfRes:1]]
[2020.02.21-06.04.32:479][  0]LogConfig: Setting CVar [[r.EmitterSpawnRateScale:1.0]]
[2020.02.21-06.04.32:479][  0]LogConfig: Setting CVar [[r.ParticleLightQuality:2]]
[2020.02.21-06.04.32:479][  0]LogConfig: Applying CVar settings from Section [FoliageQuality@3] File [D:/Github/master_szu/ue4_project/Design3D/Saved/Config/Windows/Scalability.ini]
[2020.02.21-06.04.32:479][  0]LogConfig: Setting CVar [[foliage.DensityScale:1.0]]
[2020.02.21-06.04.32:479][  0]LogConfig: Setting CVar [[grass.DensityScale:1.0]]
[2020.02.21-06.04.32:479][  0]LogInit: Selected Device Profile: [Windows]
[2020.02.21-06.04.32:480][  0]LogInit: Applying CVar settings loaded from the selected device profile: [Windows]
[2020.02.21-06.04.32:516][  0]LogHAL: Display: Platform has ~ 16 GB [17036992512 / 17179869184 / 16], which maps to Larger [LargestMinGB=32, LargerMinGB=12, DefaultMinGB=8, SmallerMinGB=6, SmallestMinGB=0)
[2020.02.21-06.04.32:516][  0]LogConfig: Setting CVar [[r.Vulkan.UseRealUBs:0		; Required until we fix HLR fall-out]]
[2020.02.21-06.04.32:516][  0]LogInit: Going up to parent DeviceProfile []
[2020.02.21-06.04.32:516][  0]LogConfig: Applying CVar settings from Section [ViewDistanceQuality@3] File [D:/Github/master_szu/ue4_project/Design3D/Saved/Config/Windows/Scalability.ini]
[2020.02.21-06.04.32:516][  0]LogConfig: Setting CVar [[r.SkeletalMeshLODBias:0]]
[2020.02.21-06.04.32:516][  0]LogConfig: Setting CVar [[r.ViewDistanceScale:1.0]]
[2020.02.21-06.04.32:516][  0]LogConfig: Applying CVar settings from Section [AntiAliasingQuality@3] File [D:/Github/master_szu/ue4_project/Design3D/Saved/Config/Windows/Scalability.ini]
[2020.02.21-06.04.32:516][  0]LogConfig: Setting CVar [[r.PostProcessAAQuality:4]]
[2020.02.21-06.04.32:517][  0]LogConfig: Applying CVar settings from Section [ShadowQuality@3] File [D:/Github/master_szu/ue4_project/Design3D/Saved/Config/Windows/Scalability.ini]
[2020.02.21-06.04.32:517][  0]LogConfig: Setting CVar [[r.LightFunctionQuality:1]]
[2020.02.21-06.04.32:517][  0]LogConfig: Setting CVar [[r.ShadowQuality:5]]
[2020.02.21-06.04.32:517][  0]LogConfig: Setting CVar [[r.Shadow.CSM.MaxCascades:10]]
[2020.02.21-06.04.32:517][  0]LogConfig: Setting CVar [[r.Shadow.MaxResolution:2048]]
[2020.02.21-06.04.32:517][  0]LogConfig: Setting CVar [[r.Shadow.MaxCSMResolution:2048]]
[2020.02.21-06.04.32:517][  0]LogConfig: Setting CVar [[r.Shadow.RadiusThreshold:0.01]]
[2020.02.21-06.04.32:517][  0]LogConfig: Setting CVar [[r.Shadow.DistanceScale:1.0]]
[2020.02.21-06.04.32:517][  0]LogConfig: Setting CVar [[r.Shadow.CSM.TransitionScale:1.0]]
[2020.02.21-06.04.32:517][  0]LogConfig: Setting CVar [[r.Shadow.PreShadowResolutionFactor:1.0]]
[2020.02.21-06.04.32:517][  0]LogConfig: Setting CVar [[r.DistanceFieldShadowing:1]]
[2020.02.21-06.04.32:517][  0]LogConfig: Setting CVar [[r.DistanceFieldAO:1]]
[2020.02.21-06.04.32:517][  0]LogConfig: Setting CVar [[r.AOQuality:2]]
[2020.02.21-06.04.32:517][  0]LogConfig: Setting CVar [[r.VolumetricFog:1]]
[2020.02.21-06.04.32:517][  0]LogConfig: Setting CVar [[r.VolumetricFog.GridPixelSize:8]]
[2020.02.21-06.04.32:518][  0]LogConfig: Setting CVar [[r.VolumetricFog.GridSizeZ:128]]
[2020.02.21-06.04.32:518][  0]LogConfig: Setting CVar [[r.VolumetricFog.HistoryMissSupersampleCount:4]]
[2020.02.21-06.04.32:518][  0]LogConfig: Setting CVar [[r.LightMaxDrawDistanceScale:1]]
[2020.02.21-06.04.32:518][  0]LogConfig: Setting CVar [[r.CapsuleShadows:1]]
[2020.02.21-06.04.32:518][  0]LogConfig: Applying CVar settings from Section [PostProcessQuality@3] File [D:/Github/master_szu/ue4_project/Design3D/Saved/Config/Windows/Scalability.ini]
[2020.02.21-06.04.32:518][  0]LogConfig: Setting CVar [[r.MotionBlurQuality:4]]
[2020.02.21-06.04.32:518][  0]LogConfig: Setting CVar [[r.AmbientOcclusionMipLevelFactor:0.4]]
[2020.02.21-06.04.32:518][  0]LogConfig: Setting CVar [[r.AmbientOcclusionMaxQuality:100]]
[2020.02.21-06.04.32:518][  0]LogConfig: Setting CVar [[r.AmbientOcclusionLevels:-1]]
[2020.02.21-06.04.32:518][  0]LogConfig: Setting CVar [[r.AmbientOcclusionRadiusScale:1.0]]
[2020.02.21-06.04.32:518][  0]LogConfig: Setting CVar [[r.DepthOfFieldQuality:2]]
[2020.02.21-06.04.32:518][  0]LogConfig: Setting CVar [[r.RenderTargetPoolMin:400]]
[2020.02.21-06.04.32:518][  0]LogConfig: Setting CVar [[r.LensFlareQuality:2]]
[2020.02.21-06.04.32:518][  0]LogConfig: Setting CVar [[r.SceneColorFringeQuality:1]]
[2020.02.21-06.04.32:518][  0]LogConfig: Setting CVar [[r.EyeAdaptationQuality:2]]
[2020.02.21-06.04.32:518][  0]LogConfig: Setting CVar [[r.BloomQuality:5]]
[2020.02.21-06.04.32:518][  0]LogConfig: Setting CVar [[r.FastBlurThreshold:100]]
[2020.02.21-06.04.32:519][  0]LogConfig: Setting CVar [[r.Upscale.Quality:3]]
[2020.02.21-06.04.32:519][  0]LogConfig: Setting CVar [[r.Tonemapper.GrainQuantization:1]]
[2020.02.21-06.04.32:519][  0]LogConfig: Setting CVar [[r.LightShaftQuality:1]]
[2020.02.21-06.04.32:519][  0]LogConfig: Setting CVar [[r.Filter.SizeScale:1]]
[2020.02.21-06.04.32:519][  0]LogConfig: Setting CVar [[r.Tonemapper.Quality:5]]
[2020.02.21-06.04.32:519][  0]LogConfig: Setting CVar [[r.DOF.Gather.AccumulatorQuality:1        ; higher gathering accumulator quality]]
[2020.02.21-06.04.32:519][  0]LogConfig: Setting CVar [[r.DOF.Gather.PostfilterMethod:1          ; Median3x3 postfilering method]]
[2020.02.21-06.04.32:519][  0]LogConfig: Setting CVar [[r.DOF.Gather.EnableBokehSettings:0       ; no bokeh simulation when gathering]]
[2020.02.21-06.04.32:519][  0]LogConfig: Setting CVar [[r.DOF.Gather.RingCount:4                 ; medium number of samples when gathering]]
[2020.02.21-06.04.32:519][  0]LogConfig: Setting CVar [[r.DOF.Scatter.ForegroundCompositing:1    ; additive foreground scattering]]
[2020.02.21-06.04.32:519][  0]LogConfig: Setting CVar [[r.DOF.Scatter.BackgroundCompositing:2    ; additive background scattering]]
[2020.02.21-06.04.32:519][  0]LogConfig: Setting CVar [[r.DOF.Scatter.EnableBokehSettings:1      ; bokeh simulation when scattering]]
[2020.02.21-06.04.32:520][  0]LogConfig: Setting CVar [[r.DOF.Scatter.MaxSpriteRatio:0.1         ; only a maximum of 10% of scattered bokeh]]
[2020.02.21-06.04.32:520][  0]LogConfig: Setting CVar [[r.DOF.Recombine.Quality:1                ; cheap slight out of focus]]
[2020.02.21-06.04.32:520][  0]LogConfig: Setting CVar [[r.DOF.Recombine.EnableBokehSettings:0    ; no bokeh simulation on slight out of focus]]
[2020.02.21-06.04.32:520][  0]LogConfig: Setting CVar [[r.DOF.TemporalAAQuality:1                ; more stable temporal accumulation]]
[2020.02.21-06.04.32:520][  0]LogConfig: Setting CVar [[r.DOF.Kernel.MaxForegroundRadius:0.025]]
[2020.02.21-06.04.32:520][  0]LogConfig: Setting CVar [[r.DOF.Kernel.MaxBackgroundRadius:0.025]]
[2020.02.21-06.04.32:520][  0]LogConfig: Applying CVar settings from Section [TextureQuality@3] File [D:/Github/master_szu/ue4_project/Design3D/Saved/Config/Windows/Scalability.ini]
[2020.02.21-06.04.32:520][  0]LogConfig: Setting CVar [[r.Streaming.MipBias:0]]
[2020.02.21-06.04.32:520][  0]LogConfig: Setting CVar [[r.Streaming.AmortizeCPUToGPUCopy:0]]
[2020.02.21-06.04.32:520][  0]LogConfig: Setting CVar [[r.Streaming.MaxNumTexturesToStreamPerFrame:0]]
[2020.02.21-06.04.32:520][  0]LogConfig: Setting CVar [[r.Streaming.Boost:1]]
[2020.02.21-06.04.32:520][  0]LogConfig: Setting CVar [[r.MaxAnisotropy:8]]
[2020.02.21-06.04.32:520][  0]LogConfig: Setting CVar [[r.Streaming.LimitPoolSizeToVRAM:0]]
[2020.02.21-06.04.32:520][  0]LogConfig: Setting CVar [[r.Streaming.PoolSize:1000]]
[2020.02.21-06.04.32:521][  0]LogConfig: Setting CVar [[r.Streaming.MaxEffectiveScreenSize:0]]
[2020.02.21-06.04.32:521][  0]LogConfig: Applying CVar settings from Section [EffectsQuality@3] File [D:/Github/master_szu/ue4_project/Design3D/Saved/Config/Windows/Scalability.ini]
[2020.02.21-06.04.32:521][  0]LogConfig: Setting CVar [[r.TranslucencyLightingVolumeDim:64]]
[2020.02.21-06.04.32:521][  0]LogConfig: Setting CVar [[r.RefractionQuality:2]]
[2020.02.21-06.04.32:521][  0]LogConfig: Setting CVar [[r.SSR.Quality:3]]
[2020.02.21-06.04.32:521][  0]LogConfig: Setting CVar [[r.SceneColorFormat:4]]
[2020.02.21-06.04.32:521][  0]LogConfig: Setting CVar [[r.DetailMode:2]]
[2020.02.21-06.04.32:521][  0]LogConfig: Setting CVar [[r.TranslucencyVolumeBlur:1]]
[2020.02.21-06.04.32:521][  0]LogConfig: Setting CVar [[r.MaterialQualityLevel:1 ; High quality]]
[2020.02.21-06.04.32:521][  0]LogConfig: Setting CVar [[r.SSS.Scale:1]]
[2020.02.21-06.04.32:521][  0]LogConfig: Setting CVar [[r.SSS.SampleSet:2]]
[2020.02.21-06.04.32:521][  0]LogConfig: Setting CVar [[r.SSS.Quality:1]]
[2020.02.21-06.04.32:521][  0]LogConfig: Setting CVar [[r.SSS.HalfRes:1]]
[2020.02.21-06.04.32:521][  0]LogConfig: Setting CVar [[r.EmitterSpawnRateScale:1.0]]
[2020.02.21-06.04.32:521][  0]LogConfig: Setting CVar [[r.ParticleLightQuality:2]]
[2020.02.21-06.04.32:521][  0]LogConfig: Applying CVar settings from Section [FoliageQuality@3] File [D:/Github/master_szu/ue4_project/Design3D/Saved/Config/Windows/Scalability.ini]
[2020.02.21-06.04.32:521][  0]LogConfig: Setting CVar [[foliage.DensityScale:1.0]]
[2020.02.21-06.04.32:522][  0]LogConfig: Setting CVar [[grass.DensityScale:1.0]]
[2020.02.21-06.04.32:522][  0]LogConfig: Applying CVar settings from Section [Startup] File [../../../Engine/Config/ConsoleVariables.ini]
[2020.02.21-06.04.32:522][  0]LogConfig: Setting CVar [[r.ShaderDevelopmentMode:1]]
[2020.02.21-06.04.32:522][  0]LogConfig: Setting CVar [[r.DumpShaderDebugInfo:1]]
[2020.02.21-06.04.32:522][  0]LogConfig: Setting CVar [[r.DumpShaderDebugWorkerCommandLine:1]]
[2020.02.21-06.04.32:522][  0]LogConfig: Setting CVar [[r.XGEShaderCompile:0]]
[2020.02.21-06.04.32:522][  0]LogConfig: Setting CVar [[net.UseAdaptiveNetUpdateFrequency:0]]
[2020.02.21-06.04.32:522][  0]LogConfig: Setting CVar [[p.chaos.AllowCreatePhysxBodies:1]]
[2020.02.21-06.04.32:522][  0]LogConfig: Applying CVar settings from Section [ConsoleVariables] File [D:/Github/master_szu/ue4_project/Design3D/Saved/Config/Windows/Engine.ini]
[2020.02.21-06.04.32:523][  0]LogInit: Computer: DESKTOP-40JJLM8
[2020.02.21-06.04.32:523][  0]LogInit: User: Eli
[2020.02.21-06.04.32:523][  0]LogInit: CPU Page size=4096, Cores=4
[2020.02.21-06.04.32:523][  0]LogInit: High frequency timer resolution =10.000000 MHz
[2020.02.21-06.04.32:524][  0]LogMemory: Memory total: Physical=15.9GB (16GB approx)
[2020.02.21-06.04.32:524][  0]LogMemory: Platform Memory Stats for Windows
[2020.02.21-06.04.32:524][  0]LogMemory: Process Physical Memory: 116.17 MB used, 116.18 MB peak
[2020.02.21-06.04.32:524][  0]LogMemory: Process Virtual Memory: 81.89 MB used, 81.89 MB peak
[2020.02.21-06.04.32:524][  0]LogMemory: Physical Memory: 8188.81 MB used,  8058.93 MB free, 16247.74 MB total
[2020.02.21-06.04.32:524][  0]LogMemory: Virtual Memory: 4887.04 MB used,  134212840.00 MB free, 134217728.00 MB total
[2020.02.21-06.04.32:906][  0]LogInit: Using OS detected language (zh-CN).
[2020.02.21-06.04.32:906][  0]LogInit: Using OS detected locale (zh-CN).
[2020.02.21-06.04.32:907][  0]LogTextLocalizationResource: LocRes '../../../Engine/Content/Localization/Editor/zh-Hans-CN/Editor.locres' could not be opened for reading!
[2020.02.21-06.04.32:907][  0]LogTextLocalizationResource: LocRes '../../../Engine/Content/Localization/EditorTutorials/zh-Hans-CN/EditorTutorials.locres' could not be opened for reading!
[2020.02.21-06.04.32:908][  0]LogTextLocalizationResource: LocRes '../../../Engine/Content/Localization/Keywords/zh-Hans-CN/Keywords.locres' could not be opened for reading!
[2020.02.21-06.04.32:908][  0]LogTextLocalizationResource: LocRes '../../../Engine/Content/Localization/Category/zh-Hans-CN/Category.locres' could not be opened for reading!
[2020.02.21-06.04.32:908][  0]LogTextLocalizationResource: LocRes '../../../Engine/Content/Localization/ToolTips/zh-Hans-CN/ToolTips.locres' could not be opened for reading!
[2020.02.21-06.04.32:908][  0]LogTextLocalizationResource: LocRes '../../../Engine/Content/Localization/PropertyNames/zh-Hans-CN/PropertyNames.locres' could not be opened for reading!
[2020.02.21-06.04.32:908][  0]LogTextLocalizationResource: LocRes '../../../Engine/Content/Localization/Engine/zh-Hans-CN/Engine.locres' could not be opened for reading!
[2020.02.21-06.04.32:909][  0]LogTextLocalizationResource: LocRes '../../../Engine/Plugins/Online/Android/OnlineSubsystemGooglePlay/Content/Localization/OnlineSubsystemGooglePlay/zh-Hans-CN/OnlineSubsystemGooglePlay.locres' could not be opened for reading!
[2020.02.21-06.04.32:909][  0]LogTextLocalizationResource: LocRes '../../../Engine/Plugins/Online/IOS/OnlineSubsystemIOS/Content/Localization/OnlineSubsystemIOS/zh-Hans-CN/OnlineSubsystemIOS.locres' could not be opened for reading!
[2020.02.21-06.04.32:909][  0]LogTextLocalizationResource: LocRes '../../../Engine/Plugins/Online/OnlineSubsystem/Content/Localization/OnlineSubsystem/zh-Hans-CN/OnlineSubsystem.locres' could not be opened for reading!
[2020.02.21-06.04.32:909][  0]LogTextLocalizationResource: LocRes '../../../Engine/Plugins/Online/OnlineSubsystemUtils/Content/Localization/OnlineSubsystemUtils/zh-Hans-CN/OnlineSubsystemUtils.locres' could not be opened for reading!
[2020.02.21-06.04.33:070][  0]LogTextLocalizationResource: LocRes '../../../Engine/Plugins/Online/Android/OnlineSubsystemGooglePlay/Content/Localization/OnlineSubsystemGooglePlay/zh-CN/OnlineSubsystemGooglePlay.locres' could not be opened for reading!
[2020.02.21-06.04.33:070][  0]LogTextLocalizationResource: LocRes '../../../Engine/Plugins/Online/IOS/OnlineSubsystemIOS/Content/Localization/OnlineSubsystemIOS/zh-CN/OnlineSubsystemIOS.locres' could not be opened for reading!
[2020.02.21-06.04.33:070][  0]LogTextLocalizationResource: LocRes '../../../Engine/Plugins/Online/OnlineSubsystem/Content/Localization/OnlineSubsystem/zh-CN/OnlineSubsystem.locres' could not be opened for reading!
[2020.02.21-06.04.33:070][  0]LogTextLocalizationResource: LocRes '../../../Engine/Plugins/Online/OnlineSubsystemUtils/Content/Localization/OnlineSubsystemUtils/zh-CN/OnlineSubsystemUtils.locres' could not be opened for reading!
[2020.02.21-06.04.33:071][  0]LogTextLocalizationResource: LocRes '../../../Engine/Content/Localization/Editor/zh-Hans/Editor.locres' could not be opened for reading!
[2020.02.21-06.04.33:071][  0]LogTextLocalizationResource: LocRes '../../../Engine/Content/Localization/EditorTutorials/zh-Hans/EditorTutorials.locres' could not be opened for reading!
[2020.02.21-06.04.33:071][  0]LogTextLocalizationResource: LocRes '../../../Engine/Content/Localization/Keywords/zh-Hans/Keywords.locres' could not be opened for reading!
[2020.02.21-06.04.33:071][  0]LogTextLocalizationResource: LocRes '../../../Engine/Content/Localization/Category/zh-Hans/Category.locres' could not be opened for reading!
[2020.02.21-06.04.33:071][  0]LogTextLocalizationResource: LocRes '../../../Engine/Content/Localization/ToolTips/zh-Hans/ToolTips.locres' could not be opened for reading!
[2020.02.21-06.04.33:071][  0]LogTextLocalizationResource: LocRes '../../../Engine/Content/Localization/PropertyNames/zh-Hans/PropertyNames.locres' could not be opened for reading!
[2020.02.21-06.04.33:071][  0]LogTextLocalizationResource: LocRes '../../../Engine/Content/Localization/Engine/zh-Hans/Engine.locres' could not be opened for reading!
[2020.02.21-06.04.33:095][  0]LogTextLocalizationResource: LocRes '../../../Engine/Content/Localization/Editor/zh/Editor.locres' could not be opened for reading!
[2020.02.21-06.04.33:096][  0]LogTextLocalizationResource: LocRes '../../../Engine/Content/Localization/EditorTutorials/zh/EditorTutorials.locres' could not be opened for reading!
[2020.02.21-06.04.33:096][  0]LogTextLocalizationResource: LocRes '../../../Engine/Content/Localization/Keywords/zh/Keywords.locres' could not be opened for reading!
[2020.02.21-06.04.33:096][  0]LogTextLocalizationResource: LocRes '../../../Engine/Content/Localization/Category/zh/Category.locres' could not be opened for reading!
[2020.02.21-06.04.33:096][  0]LogTextLocalizationResource: LocRes '../../../Engine/Content/Localization/ToolTips/zh/ToolTips.locres' could not be opened for reading!
[2020.02.21-06.04.33:096][  0]LogTextLocalizationResource: LocRes '../../../Engine/Content/Localization/PropertyNames/zh/PropertyNames.locres' could not be opened for reading!
[2020.02.21-06.04.33:096][  0]LogTextLocalizationResource: LocRes '../../../Engine/Content/Localization/Engine/zh/Engine.locres' could not be opened for reading!
[2020.02.21-06.04.33:096][  0]LogTextLocalizationResource: LocRes '../../../Engine/Plugins/Online/Android/OnlineSubsystemGooglePlay/Content/Localization/OnlineSubsystemGooglePlay/zh/OnlineSubsystemGooglePlay.locres' could not be opened for reading!
[2020.02.21-06.04.33:096][  0]LogTextLocalizationResource: LocRes '../../../Engine/Plugins/Online/IOS/OnlineSubsystemIOS/Content/Localization/OnlineSubsystemIOS/zh/OnlineSubsystemIOS.locres' could not be opened for reading!
[2020.02.21-06.04.33:097][  0]LogTextLocalizationResource: LocRes '../../../Engine/Plugins/Online/OnlineSubsystem/Content/Localization/OnlineSubsystem/zh/OnlineSubsystem.locres' could not be opened for reading!
[2020.02.21-06.04.33:097][  0]LogTextLocalizationResource: LocRes '../../../Engine/Plugins/Online/OnlineSubsystemUtils/Content/Localization/OnlineSubsystemUtils/zh/OnlineSubsystemUtils.locres' could not be opened for reading!
[2020.02.21-06.04.33:192][  0]LogInit: Setting process to per monitor DPI aware
[2020.02.21-06.04.33:313][  0]LogSlate: New Slate User Created.  User Index 0, Is Virtual User: 0
[2020.02.21-06.04.33:313][  0]LogSlate: Slate User Registered.  User Index 0, Is Virtual User: 0
[2020.02.21-06.04.35:403][  0]LogHMD: Failed to initialize OpenVR with code 110
[2020.02.21-06.04.35:404][  0]LogD3D11RHI: D3D11 adapters:
[2020.02.21-06.04.35:471][  0]LogD3D11RHI:    0. 'NVIDIA GeForce GTX 1050 Ti' (Feature Level 11_0)
[2020.02.21-06.04.35:471][  0]LogD3D11RHI:       4018/0/8123 MB DedicatedVideo/DedicatedSystem/SharedSystem, Outputs:1, VendorId:0x10de
[2020.02.21-06.04.35:502][  0]LogD3D11RHI:    1. 'Intel(R) HD Graphics 630' (Feature Level 11_0)
[2020.02.21-06.04.35:502][  0]LogD3D11RHI:       128/0/8123 MB DedicatedVideo/DedicatedSystem/SharedSystem, Outputs:0, VendorId:0x8086
[2020.02.21-06.04.35:506][  0]LogD3D11RHI:    2. 'Microsoft Basic Render Driver' (Feature Level 11_0)
[2020.02.21-06.04.35:506][  0]LogD3D11RHI:       0/0/8123 MB DedicatedVideo/DedicatedSystem/SharedSystem, Outputs:0, VendorId:0x1414
[2020.02.21-06.04.35:506][  0]LogD3D11RHI: Chosen D3D11 Adapter: 0
[2020.02.21-06.04.35:512][  0]LogD3D11RHI: Creating new Direct3DDevice
[2020.02.21-06.04.35:512][  0]LogD3D11RHI:     GPU DeviceId: 0x1c82 (for the marketing name, search the web for "GPU Device Id")
[2020.02.21-06.04.35:512][  0]LogWindows: EnumDisplayDevices:
[2020.02.21-06.04.35:512][  0]LogWindows:    0. 'Intel(R) HD Graphics 630' (P:0 D:0)
[2020.02.21-06.04.35:513][  0]LogWindows:    1. 'Intel(R) HD Graphics 630' (P:0 D:0)
[2020.02.21-06.04.35:513][  0]LogWindows:    2. 'Intel(R) HD Graphics 630' (P:0 D:0)
[2020.02.21-06.04.35:514][  0]LogWindows:    3. 'NVIDIA GeForce GTX 1050 Ti' (P:1 D:1)
[2020.02.21-06.04.35:514][  0]LogWindows:    4. 'NVIDIA GeForce GTX 1050 Ti' (P:0 D:0)
[2020.02.21-06.04.35:514][  0]LogWindows:    5. 'NVIDIA GeForce GTX 1050 Ti' (P:0 D:0)
[2020.02.21-06.04.35:515][  0]LogWindows:    6. 'NVIDIA GeForce GTX 1050 Ti' (P:0 D:0)
[2020.02.21-06.04.35:515][  0]LogWindows: DebugString: PrimaryIsNotTheChoosenAdapter PrimaryIsNotTheChoosenAdapter PrimaryIsNotTheChoosenAdapter FoundDriverCount:4 
[2020.02.21-06.04.35:515][  0]LogD3D11RHI:     Adapter Name: NVIDIA GeForce GTX 1050 Ti
[2020.02.21-06.04.35:515][  0]LogD3D11RHI:   Driver Version: 391.25 (internal:23.21.13.9125, unified:391.25)
[2020.02.21-06.04.35:515][  0]LogD3D11RHI:      Driver Date: 3-16-2018
[2020.02.21-06.04.35:515][  0]LogRHI: Texture pool is 2812 MB (70% of 4018 MB)
[2020.02.21-06.04.35:546][  0]LogD3D11RHI: Async texture creation enabled
[2020.02.21-06.04.35:549][  0]LogRendererCore: FGlobalReadBuffer::InitRHI
[2020.02.21-06.04.35:549][  0]LogRendererCore: FGlobalReadBuffer::InitRHI
[2020.02.21-06.04.35:550][  0]LogRendererCore: FGlobalReadBuffer::InitRHI
[2020.02.21-06.04.35:561][  0]LogD3D11RHI: GPU Timing Frequency: 1000.000000 (Debug: 2 2)
[2020.02.21-06.04.35:837][  0]LogTemp: Display: Module 'AllDesktopTargetPlatform' loaded TargetPlatform 'AllDesktop'
[2020.02.21-06.04.35:902][  0]LogTemp: Display: Module 'MacClientTargetPlatform' loaded TargetPlatform 'MacClient'
[2020.02.21-06.04.35:994][  0]LogTemp: Display: Module 'MacNoEditorTargetPlatform' loaded TargetPlatform 'MacNoEditor'
[2020.02.21-06.04.36:056][  0]LogTemp: Display: Module 'MacServerTargetPlatform' loaded TargetPlatform 'MacServer'
[2020.02.21-06.04.36:117][  0]LogTemp: Display: Module 'MacTargetPlatform' loaded TargetPlatform 'Mac'
[2020.02.21-06.04.36:228][  0]LogTemp: Display: Module 'WindowsClientTargetPlatform' loaded TargetPlatform 'WindowsClient'
[2020.02.21-06.04.36:285][  0]LogTemp: Display: Module 'WindowsNoEditorTargetPlatform' loaded TargetPlatform 'WindowsNoEditor'
[2020.02.21-06.04.36:341][  0]LogTemp: Display: Module 'WindowsServerTargetPlatform' loaded TargetPlatform 'WindowsServer'
[2020.02.21-06.04.36:385][  0]LogTemp: Display: Module 'WindowsTargetPlatform' loaded TargetPlatform 'Windows'
[2020.02.21-06.04.36:675][  0]LogTemp: Display: Module 'AndroidTargetPlatform' loaded TargetPlatform 'Android'
[2020.02.21-06.04.36:675][  0]LogTemp: Display: Module 'AndroidTargetPlatform' loaded TargetPlatform 'Android_ASTC'
[2020.02.21-06.04.36:675][  0]LogTemp: Display: Module 'AndroidTargetPlatform' loaded TargetPlatform 'Android_ATC'
[2020.02.21-06.04.36:675][  0]LogTemp: Display: Module 'AndroidTargetPlatform' loaded TargetPlatform 'Android_DXT'
[2020.02.21-06.04.36:675][  0]LogTemp: Display: Module 'AndroidTargetPlatform' loaded TargetPlatform 'Android_ETC1'
[2020.02.21-06.04.36:675][  0]LogTemp: Display: Module 'AndroidTargetPlatform' loaded TargetPlatform 'Android_ETC1a'
[2020.02.21-06.04.36:675][  0]LogTemp: Display: Module 'AndroidTargetPlatform' loaded TargetPlatform 'Android_ETC2'
[2020.02.21-06.04.36:676][  0]LogTemp: Display: Module 'AndroidTargetPlatform' loaded TargetPlatform 'Android_PVRTC'
[2020.02.21-06.04.36:676][  0]LogTemp: Display: Module 'AndroidTargetPlatform' loaded TargetPlatform 'AndroidClient'
[2020.02.21-06.04.36:676][  0]LogTemp: Display: Module 'AndroidTargetPlatform' loaded TargetPlatform 'Android_ASTCClient'
[2020.02.21-06.04.36:676][  0]LogTemp: Display: Module 'AndroidTargetPlatform' loaded TargetPlatform 'Android_ATCClient'
[2020.02.21-06.04.36:676][  0]LogTemp: Display: Module 'AndroidTargetPlatform' loaded TargetPlatform 'Android_DXTClient'
[2020.02.21-06.04.36:676][  0]LogTemp: Display: Module 'AndroidTargetPlatform' loaded TargetPlatform 'Android_ETC1Client'
[2020.02.21-06.04.36:676][  0]LogTemp: Display: Module 'AndroidTargetPlatform' loaded TargetPlatform 'Android_ETC1aClient'
[2020.02.21-06.04.36:676][  0]LogTemp: Display: Module 'AndroidTargetPlatform' loaded TargetPlatform 'Android_ETC2Client'
[2020.02.21-06.04.36:676][  0]LogTemp: Display: Module 'AndroidTargetPlatform' loaded TargetPlatform 'Android_PVRTCClient'
[2020.02.21-06.04.36:677][  0]LogTemp: Display: Module 'AndroidTargetPlatform' loaded TargetPlatform 'Android_Multi'
[2020.02.21-06.04.36:677][  0]LogTemp: Display: Module 'AndroidTargetPlatform' loaded TargetPlatform 'Android_MultiClient'
[2020.02.21-06.04.36:929][  0]LogTemp: Display: Module 'HTML5TargetPlatform' loaded TargetPlatform 'HTML5'
[2020.02.21-06.04.37:111][  0]LogTemp: Display: Module 'IOSTargetPlatform' loaded TargetPlatform 'IOSClient'
[2020.02.21-06.04.37:111][  0]LogTemp: Display: Module 'IOSTargetPlatform' loaded TargetPlatform 'IOS'
[2020.02.21-06.04.37:203][  0]LogTemp: Display: Module 'TVOSTargetPlatform' loaded TargetPlatform 'TVOSClient'
[2020.02.21-06.04.37:203][  0]LogTemp: Display: Module 'TVOSTargetPlatform' loaded TargetPlatform 'TVOS'
[2020.02.21-06.04.37:365][  0]LogTemp: Display: Module 'LuminTargetPlatform' loaded TargetPlatform 'Lumin'
[2020.02.21-06.04.37:365][  0]LogTemp: Display: Module 'LuminTargetPlatform' loaded TargetPlatform 'LuminClient'
[2020.02.21-06.04.37:366][  0]LogTargetPlatformManager: Display: Building Assets For Windows
[2020.02.21-06.04.37:521][  0]LogAudioDebug: Display: Lib vorbis DLL was dynamically loaded.
[2020.02.21-06.04.38:180][  0]LogShaderCompilers: Guid format shader working directory is 0 characters bigger than the processId version (../../../../master_szu/ue4_project/Design3D/Intermediate/Shaders/WorkingDirectory/19856/).
[2020.02.21-06.04.38:180][  0]LogShaderCompilers: Cleaned the shader compiler working directory 'C:/Users/Eli/AppData/Local/Temp/UnrealShaderWorkingDir/A77AE8854DDF20E97953F29AA3D7F5DB/'.
[2020.02.21-06.04.38:180][  0]LogShaderCompilers: Display: Using Local Shader Compiler.
[2020.02.21-06.04.38:200][  0]LogShaders: InitializeShaderTypes() begin
[2020.02.21-06.04.38:201][  0]LogShaders: Shader directory mapping /Engine -> ../../../Engine/Shaders
[2020.02.21-06.04.38:201][  0]LogShaders: Shader directory mapping /Plugin/DatasmithContent -> ../../../Engine/Plugins/Enterprise/DatasmithContent/Shaders
[2020.02.21-06.04.38:201][  0]LogShaders: Shader directory mapping /Plugin/WmfMedia -> ../../../Engine/Plugins/Media/WmfMedia/Shaders
[2020.02.21-06.04.38:201][  0]LogShaders: Shader directory mapping /Plugin/OculusVR -> ../../../Engine/Plugins/Runtime/Oculus/OculusVR/Shaders
[2020.02.21-06.04.40:450][  0]LogShaders: InitializeShaderTypes() end
[2020.02.21-06.04.41:150][  0]LogDerivedDataCache: Display: Max Cache Size: 512 MB
[2020.02.21-06.04.41:204][  0]LogDerivedDataCache: Loaded boot cache 0.05s 69MB ../../../../master_szu/ue4_project/Design3D/DerivedDataCache/Boot.ddc.
[2020.02.21-06.04.41:204][  0]LogDerivedDataCache: Display: Loaded Boot cache: ../../../../master_szu/ue4_project/Design3D/DerivedDataCache/Boot.ddc
[2020.02.21-06.04.41:205][  0]LogDerivedDataCache: FDerivedDataBackendGraph:  Pak pak cache file ../../../../master_szu/ue4_project/Design3D/DerivedDataCache/DDC.ddp not found, will not use a pak cache.
[2020.02.21-06.04.41:205][  0]LogDerivedDataCache: Unable to find inner node Pak for hierarchical cache Hierarchy.
[2020.02.21-06.04.41:205][  0]LogDerivedDataCache: FDerivedDataBackendGraph:  EnginePak pak cache file ../../../Engine/DerivedDataCache/DDC.ddp not found, will not use a pak cache.
[2020.02.21-06.04.41:205][  0]LogDerivedDataCache: Unable to find inner node EnginePak for hierarchical cache Hierarchy.
[2020.02.21-06.04.41:217][  0]LogDerivedDataCache: Using Local data cache path ../../../Engine/DerivedDataCache: Writable
[2020.02.21-06.04.41:217][  0]LogDerivedDataCache: Shared data cache path not found in *engine.ini, will not use an Shared cache.
[2020.02.21-06.04.41:217][  0]LogDerivedDataCache: Unable to find inner node Shared for hierarchical cache Hierarchy.
[2020.02.21-06.04.41:295][  0]LogMaterial: Verifying Global Shaders for PCD3D_SM5
[2020.02.21-06.04.41:305][  0]LogSlate: Using FreeType 2.6.0
[2020.02.21-06.04.41:313][  0]LogSlate: SlateFontServices - WITH_FREETYPE: 1, WITH_HARFBUZZ: 1
[2020.02.21-06.04.41:530][  0]LogAssetRegistry: FAssetRegistry took 0.0571 seconds to start up
[2020.02.21-06.04.42:803][  0]LogInit: Selected Device Profile: [Windows]
[2020.02.21-06.04.43:935][  0]LogMeshReduction: Using QuadricMeshReduction for automatic static mesh reduction
[2020.02.21-06.04.43:935][  0]LogMeshReduction: Using SimplygonMeshReduction for automatic skeletal mesh reduction
[2020.02.21-06.04.43:935][  0]LogMeshReduction: Using ProxyLODMeshReduction for automatic mesh merging
[2020.02.21-06.04.43:935][  0]LogMeshReduction: No distributed automatic mesh merging module available
[2020.02.21-06.04.43:935][  0]LogMeshMerging: No distributed automatic mesh merging module available
[2020.02.21-06.04.44:041][  0]LogNetVersion: Design3D 1.0.0, NetCL: 0, EngineNetVer: 10, GameNetVer: 0 (Checksum: 2577008440)
[2020.02.21-06.04.46:889][  0]LogPackageLocalizationCache: Processed 10 localized package path(s) for 4 prioritized culture(s) in 0.457884 seconds
[2020.02.21-06.04.46:913][  0]LogUObjectArray: 42974 objects as part of root set at end of initial load.
[2020.02.21-06.04.46:913][  0]LogUObjectAllocator: 7452944 out of 0 bytes used by permanent object pool.
[2020.02.21-06.04.46:913][  0]LogUObjectArray: CloseDisregardForGC: 0/0 objects in disregard for GC pool
[2020.02.21-06.04.53:526][  0]LogTcpMessaging: Initializing TcpMessaging bridge
[2020.02.21-06.04.53:584][  0]LogUdpMessaging: Initializing bridge on interface 0.0.0.0:0 to multicast group 230.0.0.1:6666.
[2020.02.21-06.04.54:614][  0]LogTemp: IOS device listing is disabled (to many failed attempts)!
[2020.02.21-06.04.55:313][  0]SourceControl: 源码控制已禁用
[2020.02.21-06.04.55:313][  0]SourceControl: 源码控制已禁用
[2020.02.21-06.04.55:373][  0]SourceControl: 源码控制已禁用
[2020.02.21-06.04.55:434][  0]SourceControl: 源码控制已禁用
[2020.02.21-06.04.57:181][  0]LogAndroidPermission: UAndroidPermissionCallbackProxy::GetInstance
[2020.02.21-06.04.57:968][  0]LogOcInput: OculusInput pre-init called
[2020.02.21-06.05.00:956][  0]LogEngine: Initializing Engine...
[2020.02.21-06.05.00:958][  0]LogHMD: Failed to initialize OpenVR with code 110
[2020.02.21-06.05.00:962][  0]LogStats: UGameplayTagsManager::InitializeManager -  0.000 s
[2020.02.21-06.05.01:937][  0]LogInit: Initializing FReadOnlyCVARCache
[2020.02.21-06.05.02:031][  0]LogAIModule: Creating AISystem for world Untitled
[2020.02.21-06.05.02:049][  0]LogInit: XAudio2 using '扬声器/听筒 (Realtek(R) Audio)' : 2 channels at 48 kHz using 32 bits per sample (channel mask 0x3)
[2020.02.21-06.05.02:143][  0]LogInit: FAudioDevice initialized.
[2020.02.21-06.05.02:144][  0]LogNetVersion: Set ProjectVersion to 1.0.0.0. Version Checksum will be recalculated on next use.
[2020.02.21-06.05.02:357][  0]LogDerivedDataCache: Saved boot cache 0.21s 69MB ../../../../master_szu/ue4_project/Design3D/DerivedDataCache/Boot.ddc.
[2020.02.21-06.05.02:364][  0]LogInit: Texture streaming: Enabled
[2020.02.21-06.05.02:685][  0]LogInit: Transaction tracking system initialized
[2020.02.21-06.05.02:948][  0]BlueprintLog: New page: 编辑器加载
[2020.02.21-06.05.05:048][  0]LocalizationService: 本地化服务已禁用
[2020.02.21-06.05.07:390][  0]LogCook: Display: Max memory allowance for cook 16384mb min free memory 0mb
[2020.02.21-06.05.07:390][  0]LogCook: Display: Mobile HDR setting 1
[2020.02.21-06.05.08:570][  0]LogFileCache: Scanning file cache for directory 'D:/Github/master_szu/ue4_project/Design3D/Content/' took 0.09s
[2020.02.21-06.05.09:616][  0]SourceControl: 源码控制已禁用
[2020.02.21-06.05.09:617][  0]Cmd: MAP LOAD FILE="../../../../master_szu/ue4_project/Design3D/Content/StarterContent/Maps/Minimal_Default.umap" TEMPLATE=0 SHOWPROGRESS=1 FEATURELEVEL=3
[2020.02.21-06.05.09:622][  0]LightingResults: New page: 光照构建
[2020.02.21-06.05.09:627][  0]MapCheck: New page: 地图检测
[2020.02.21-06.05.09:628][  0]LightingResults: New page: 光照构建
[2020.02.21-06.05.09:702][  0]LogUObjectHash: Compacting FUObjectHashTables data took   8.69ms
[2020.02.21-06.05.10:222][  0]LogAIModule: Creating AISystem for world Minimal_Default
[2020.02.21-06.05.10:264][  0]LogEditorServer: Finished looking for orphan Actors (0.000 secs)
[2020.02.21-06.05.10:336][  0]LogUObjectHash: Compacting FUObjectHashTables data took  10.09ms
[2020.02.21-06.05.10:336][  0]Cmd: MAP CHECKDEP NOCLEARLOG
[2020.02.21-06.05.10:337][  0]MapCheck: 地图检测完成：0个错误，0 个警告，用时0.175毫秒完成。
[2020.02.21-06.05.10:337][  0]LogFileHelpers: Loading map 'Minimal_Default' took 0.721
[2020.02.21-06.05.10:577][  0]LogSlate: Updating window title bar state: overlay mode, drag disabled, window buttons hidden, title bar hidden
[2020.02.21-06.05.10:605][  0]LogSlate: Updating window title bar state: overlay mode, drag disabled, window buttons hidden, title bar hidden
[2020.02.21-06.05.10:635][  0]LogSlate: Updating window title bar state: overlay mode, drag disabled, window buttons hidden, title bar hidden
[2020.02.21-06.05.10:666][  0]LogSlate: Updating window title bar state: overlay mode, drag disabled, window buttons hidden, title bar hidden
[2020.02.21-06.05.10:713][  0]LogCollectionManager: Loaded 0 collections in 0.002675 seconds
[2020.02.21-06.05.10:750][  0]LogFileCache: Scanning file cache for directory 'D:/Github/master_szu/ue4_project/Design3D/Saved/Collections/' took 0.01s
[2020.02.21-06.05.10:751][  0]LogFileCache: Scanning file cache for directory 'D:/Github/master_szu/ue4_project/Design3D/Content/Developers/Eli/Collections/' took 0.01s
[2020.02.21-06.05.10:751][  0]LogFileCache: Scanning file cache for directory 'D:/Github/master_szu/ue4_project/Design3D/Content/Collections/' took 0.00s
[2020.02.21-06.05.10:751][  0]LogCollectionManager: Rebuilt the GUID cache for 0 collections in 0.000001 seconds
[2020.02.21-06.05.10:787][  0]LogContentBrowser: Native class hierarchy populated in 0.0361 seconds. Added 2763 classes and 667 folders.
[2020.02.21-06.05.10:803][  0]LogContentBrowser: Native class hierarchy updated for 'WidgetCarousel' in 0.0010 seconds. Added 0 classes and 0 folders.
[2020.02.21-06.05.10:809][  0]LogPakFile: Registered encryption key '00000000000000000000000000000000': 0 pak files mounted, 0 remain pending
[2020.02.21-06.05.10:839][  0]LogPakFile: Registered encryption key '00000000000000000000000000000000': 0 pak files mounted, 0 remain pending
[2020.02.21-06.05.10:854][  0]LogPakFile: Registered encryption key '00000000000000000000000000000000': 0 pak files mounted, 0 remain pending
[2020.02.21-06.05.10:859][  0]LogPakFile: Registered encryption key '00000000000000000000000000000000': 0 pak files mounted, 0 remain pending
[2020.02.21-06.05.10:864][  0]LogPakFile: Registered encryption key '00000000000000000000000000000000': 0 pak files mounted, 0 remain pending
[2020.02.21-06.05.10:869][  0]LogPakFile: Registered encryption key '00000000000000000000000000000000': 0 pak files mounted, 0 remain pending
[2020.02.21-06.05.10:874][  0]LogPakFile: Registered encryption key '00000000000000000000000000000000': 0 pak files mounted, 0 remain pending
[2020.02.21-06.05.10:878][  0]LogPakFile: Registered encryption key '00000000000000000000000000000000': 0 pak files mounted, 0 remain pending
[2020.02.21-06.05.10:884][  0]LogPakFile: Registered encryption key '00000000000000000000000000000000': 0 pak files mounted, 0 remain pending
[2020.02.21-06.05.10:890][  0]LogPakFile: Registered encryption key '00000000000000000000000000000000': 0 pak files mounted, 0 remain pending
[2020.02.21-06.05.10:895][  0]LogPakFile: Registered encryption key '00000000000000000000000000000000': 0 pak files mounted, 0 remain pending
[2020.02.21-06.05.10:900][  0]LogPakFile: Registered encryption key '00000000000000000000000000000000': 0 pak files mounted, 0 remain pending
[2020.02.21-06.05.10:905][  0]LogPakFile: Registered encryption key '00000000000000000000000000000000': 0 pak files mounted, 0 remain pending
[2020.02.21-06.05.10:910][  0]LogPakFile: Registered encryption key '00000000000000000000000000000000': 0 pak files mounted, 0 remain pending
[2020.02.21-06.05.10:914][  0]LogPakFile: Registered encryption key '00000000000000000000000000000000': 0 pak files mounted, 0 remain pending
[2020.02.21-06.05.10:919][  0]LogPakFile: Registered encryption key '00000000000000000000000000000000': 0 pak files mounted, 0 remain pending
[2020.02.21-06.05.10:924][  0]LogPakFile: Registered encryption key '00000000000000000000000000000000': 0 pak files mounted, 0 remain pending
[2020.02.21-06.05.10:929][  0]LogPakFile: Registered encryption key '00000000000000000000000000000000': 0 pak files mounted, 0 remain pending
[2020.02.21-06.05.10:934][  0]LogPakFile: Registered encryption key '00000000000000000000000000000000': 0 pak files mounted, 0 remain pending
[2020.02.21-06.05.10:941][  0]LogPakFile: Registered encryption key '00000000000000000000000000000000': 0 pak files mounted, 0 remain pending
[2020.02.21-06.05.10:946][  0]LogPakFile: Registered encryption key '00000000000000000000000000000000': 0 pak files mounted, 0 remain pending
[2020.02.21-06.05.10:951][  0]LogPakFile: Registered encryption key '00000000000000000000000000000000': 0 pak files mounted, 0 remain pending
[2020.02.21-06.05.10:956][  0]LogPakFile: Registered encryption key '00000000000000000000000000000000': 0 pak files mounted, 0 remain pending
[2020.02.21-06.05.10:961][  0]LogPakFile: Registered encryption key '00000000000000000000000000000000': 0 pak files mounted, 0 remain pending
[2020.02.21-06.05.10:966][  0]LogPakFile: Registered encryption key '00000000000000000000000000000000': 0 pak files mounted, 0 remain pending
[2020.02.21-06.05.10:972][  0]LogPakFile: Registered encryption key '00000000000000000000000000000000': 0 pak files mounted, 0 remain pending
[2020.02.21-06.05.11:075][  0]LogContentBrowser: Native class hierarchy updated for 'AddContentDialog' in 0.0008 seconds. Added 0 classes and 0 folders.
[2020.02.21-06.05.11:157][  0]LogContentBrowser: Native class hierarchy updated for 'SceneOutliner' in 0.0008 seconds. Added 1 classes and 2 folders.
[2020.02.21-06.05.11:268][  0]LogContentBrowser: Native class hierarchy updated for 'WorldBrowser' in 0.0009 seconds. Added 2 classes and 3 folders.
[2020.02.21-06.05.13:674][  0]LogSlate: Only BGRA pngs, bmps or icos are supported in by External Image Picker
[2020.02.21-06.05.13:714][  0]LogSlate: Took 0.004417 seconds to synchronously load lazily loaded font '../../../Engine/Content/Slate/Fonts/Roboto-Regular.ttf' (155K)
[2020.02.21-06.05.13:728][  0]LogSlate: Took 0.011988 seconds to synchronously load lazily loaded font '../../../Engine/Content/Slate/Fonts/DroidSansFallback.ttf' (3848K)
[2020.02.21-06.05.13:737][  0]LogSlate: Took 0.007932 seconds to synchronously load lazily loaded font '../../../Engine/Content/Slate/Fonts/Roboto-Bold.ttf' (160K)
[2020.02.21-06.05.13:750][  0]LogSlate: Took 0.004575 seconds to synchronously load lazily loaded font '../../../Engine/Content/Editor/Slate/Fonts/FontAwesome.ttf' (139K)
[2020.02.21-06.05.14:676][  0]LogRenderer: Reallocating scene render targets to support 1208x572 Format 10 NumSamples 1 (Frame:1).
[2020.02.21-06.05.14:709][  0]LogSlate: Took 0.004095 seconds to synchronously load lazily loaded font '../../../Engine/Content/Slate/Fonts/Roboto-Light.ttf' (167K)
[2020.02.21-06.05.14:756][  0]LogUObjectGlobals: Warning: 寻找对象 'Class /Script/Design3D.Design3DGameMode’ 失败
[2020.02.21-06.05.14:894][  0]LogContentBrowser: Native class hierarchy updated for 'HierarchicalLODOutliner' in 0.0008 seconds. Added 0 classes and 0 folders.
[2020.02.21-06.05.14:894][  0]LogLoad: (Engine Initialization) Total time: 47.87 seconds
[2020.02.21-06.05.14:895][  0]LogLoad: (Engine Initialization) Total Blueprint compile time: 0.00 seconds
[2020.02.21-06.05.15:013][  0]LogActor: Warning: MyActor /Engine/Transient.World_0:PersistentLevel.MyActor_0 has natively added scene component(s), but none of them were set as the actor's RootComponent - picking one arbitrarily
[2020.02.21-06.05.15:013][  0]LogTemp: Error: ATestActor::PostActorCreated
[2020.02.21-06.05.15:014][  0]LogTemp: Error: ATestActor::OnConstruction
[2020.02.21-06.05.15:014][  0]LogTemp: Error: ATestActor::PreInitializeComponents
[2020.02.21-06.05.15:014][  0]LogTemp: Error: ATestActor::PostInitializeComponents
[2020.02.21-06.05.15:086][  0]LogContentStreaming: Texture pool size now 1000 MB
[2020.02.21-06.05.18:048][ 51]LogAssetRegistry: Asset discovery search completed in 36.5424 seconds
[2020.02.21-06.05.18:079][ 51]LogCollectionManager: Rebuilt the object cache for 0 collections in 0.000003 seconds (found 0 objects)
[2020.02.21-06.05.18:079][ 51]LogCollectionManager: Fixed up redirectors for 0 collections in 0.000255 seconds (updated 0 objects)
[2020.02.21-06.08.11:373][570]LogSlate: FSceneViewport::OnFocusLost() reason 2
[2020.02.21-06.08.12:642][652]LogSlate: Window '项目设置' being destroyed
[2020.02.21-06.08.12:647][652]LogSlate: Window '项目设置' being destroyed
[2020.02.21-06.08.13:688][722]LogSlate: FSceneViewport::OnFocusLost() reason 0
[2020.02.21-06.08.13:759][729]LogSlate: Window '消息日志' being destroyed
[2020.02.21-06.08.13:764][729]LogSlate: Window '消息日志' being destroyed
[2020.02.21-06.08.14:339][773]LogSlate: FSceneViewport::OnFocusLost() reason 0
[2020.02.21-06.08.14:430][780]LogTemp: Repeating last play command: 选中的视口
[2020.02.21-06.08.14:462][780]LogBlueprintUserMessages: Early PlayInEditor Detection: Level '/Game/StarterContent/Maps/Minimal_Default.Minimal_Default:PersistentLevel' has LevelScriptBlueprint '/Game/StarterContent/Maps/Minimal_Default.Minimal_Default:PersistentLevel.Minimal_Default' with GeneratedClass '/Game/StarterContent/Maps/Minimal_Default.Minimal_Default_C' with ClassGeneratedBy '/Game/StarterContent/Maps/Minimal_Default.Minimal_Default:PersistentLevel.Minimal_Default'
[2020.02.21-06.08.14:463][780]LogPlayLevel: PlayLevel: No blueprints needed recompiling
[2020.02.21-06.08.14:463][780]PIE: New page: PIE会话: Minimal_Default (2020年2月21日 下午10:08:14)
[2020.02.21-06.08.14:479][780]LogPlayLevel: Creating play world package: /Game/StarterContent/Maps/UEDPIE_0_Minimal_Default
[2020.02.21-06.08.14:488][780]LogPlayLevel: PIE: StaticDuplicateObject took: (0.008515s)
[2020.02.21-06.08.14:490][780]LogAIModule: Creating AISystem for world Minimal_Default
[2020.02.21-06.08.14:490][780]LogPlayLevel: PIE: World Init took: (0.001938s)
[2020.02.21-06.08.14:491][780]LogPlayLevel: PIE: Created PIE world by copying editor world from /Game/StarterContent/Maps/Minimal_Default.Minimal_Default to /Game/StarterContent/Maps/UEDPIE_0_Minimal_Default.Minimal_Default (0.011249s)
[2020.02.21-06.08.14:555][780]LogUObjectHash: Compacting FUObjectHashTables data took   6.59ms
[2020.02.21-06.08.14:572][780]LogInit: XAudio2 using '扬声器/听筒 (Realtek(R) Audio)' : 2 channels at 48 kHz using 32 bits per sample (channel mask 0x3)
[2020.02.21-06.08.14:660][780]LogInit: FAudioDevice initialized.
[2020.02.21-06.08.14:710][780]LogLoad: Game class is 'GameModeBase'
[2020.02.21-06.08.14:715][780]LogWorld: Bringing World /Game/StarterContent/Maps/UEDPIE_0_Minimal_Default.Minimal_Default up for play (max tick rate 0) at 2020.02.21-14.08.14
[2020.02.21-06.08.14:716][780]LogWorld: Bringing up level for play took: 0.002089
[2020.02.21-06.08.14:740][780]LogContentBrowser: Native class hierarchy updated for 'MovieSceneCapture' in 0.0012 seconds. Added 20 classes and 0 folders.
[2020.02.21-06.08.14:742][780]PIE: /Game/StarterContent/Maps/UEDPIE_0_Minimal_Default的‘在编辑器中播放’的起始时间-0.453
[2020.02.21-06.08.14:742][780]LogBlueprintUserMessages: Late PlayInEditor Detection: Level '/Game/StarterContent/Maps/Minimal_Default.Minimal_Default:PersistentLevel' has LevelScriptBlueprint '/Game/StarterContent/Maps/Minimal_Default.Minimal_Default:PersistentLevel.Minimal_Default' with GeneratedClass '/Game/StarterContent/Maps/Minimal_Default.Minimal_Default_C' with ClassGeneratedBy '/Game/StarterContent/Maps/Minimal_Default.Minimal_Default:PersistentLevel.Minimal_Default'
[2020.02.21-06.08.16:790][879]Cmd: Camera "FreeCam"
[2020.02.21-06.08.16:790][879]LogSlate: FSceneViewport::OnFocusLost() reason 2
